[ 2017-03-28T02:13:32+08:00 ] 101.71.55.90 /11071/
INFO: [ app_init ] --START--
INFO: Run Behavior\BuildLiteBehavior [ RunTime:0.000009s ]
INFO: [ app_init ] --END-- [ RunTime:0.000256s ]
ERR: 无法加载控制器:11071

[ 2017-03-28T02:13:32+08:00 ] 101.71.55.90 /64440/
INFO: [ app_init ] --START--
INFO: Run Behavior\BuildLiteBehavior [ RunTime:0.000007s ]
INFO: [ app_init ] --END-- [ RunTime:0.000213s ]
ERR: 无法加载控制器:64440

[ 2017-03-28T02:13:32+08:00 ] 101.71.55.90 /24592/
INFO: [ app_init ] --START--
INFO: Run Behavior\BuildLiteBehavior [ RunTime:0.000006s ]
INFO: [ app_init ] --END-- [ RunTime:0.000241s ]
ERR: 无法加载控制器:24592

[ 2017-03-28T02:13:32+08:00 ] 101.71.55.90 /a/focus/11980.html
INFO: [ app_init ] --START--
INFO: Run Behavior\BuildLiteBehavior [ RunTime:0.000006s ]
INFO: [ app_init ] --END-- [ RunTime:0.000274s ]
ERR: 无法加载控制器:A

[ 2017-03-28T02:13:32+08:00 ] 101.71.55.90 /a/focus/92497.html
INFO: [ app_init ] --START--
INFO: Run Behavior\BuildLiteBehavior [ RunTime:0.000006s ]
INFO: [ app_init ] --END-- [ RunTime:0.000198s ]
ERR: 无法加载控制器:A

[ 2017-03-28T02:13:32+08:00 ] 101.71.55.90 /51574/
INFO: [ app_init ] --START--
INFO: Run Behavior\BuildLiteBehavior [ RunTime:0.000006s ]
INFO: [ app_init ] --END-- [ RunTime:0.000213s ]
ERR: 无法加载控制器:51574

[ 2017-03-28T02:13:32+08:00 ] 101.71.55.90 /a/cnews/41223.html
INFO: [ app_init ] --START--
INFO: Run Behavior\BuildLiteBehavior [ RunTime:0.000006s ]
INFO: [ app_init ] --END-- [ RunTime:0.000224s ]
ERR: 无法加载控制器:A

[ 2017-03-28T02:13:32+08:00 ] 101.71.55.85 /51562/
INFO: [ app_init ] --START--
INFO: Run Behavior\BuildLiteBehavior [ RunTime:0.000006s ]
INFO: [ app_init ] --END-- [ RunTime:0.000220s ]
ERR: 无法加载控制器:51562

[ 2017-03-28T02:13:33+08:00 ] 101.71.55.85 /a/product/63504.html
INFO: [ app_init ] --START--
INFO: Run Behavior\BuildLiteBehavior [ RunTime:0.000006s ]
INFO: [ app_init ] --END-- [ RunTime:0.000207s ]
ERR: 无法加载控制器:A

[ 2017-03-28T02:13:33+08:00 ] 101.71.55.90 /24622/
INFO: [ app_init ] --START--
INFO: Run Behavior\BuildLiteBehavior [ RunTime:0.000009s ]
INFO: [ app_init ] --END-- [ RunTime:0.000231s ]
ERR: 无法加载控制器:24622

[ 2017-03-28T02:13:33+08:00 ] 101.71.55.90 /a/cnews/19230.html
INFO: [ app_init ] --START--
INFO: Run Behavior\BuildLiteBehavior [ RunTime:0.000006s ]
INFO: [ app_init ] --END-- [ RunTime:0.000224s ]
ERR: 无法加载控制器:A

[ 2017-03-28T02:13:33+08:00 ] 101.71.55.90 /36666/
INFO: [ app_init ] --START--
INFO: Run Behavior\BuildLiteBehavior [ RunTime:0.000008s ]
INFO: [ app_init ] --END-- [ RunTime:0.000205s ]
ERR: 无法加载控制器:36666

[ 2017-03-28T02:13:33+08:00 ] 101.71.55.90 /23903/
INFO: [ app_init ] --START--
INFO: Run Behavior\BuildLiteBehavior [ RunTime:0.000006s ]
INFO: [ app_init ] --END-- [ RunTime:0.000201s ]
ERR: 无法加载控制器:23903

[ 2017-03-28T02:13:33+08:00 ] 101.71.55.90 /a/cnews/75609.html
INFO: [ app_init ] --START--
INFO: Run Behavior\BuildLiteBehavior [ RunTime:0.000007s ]
INFO: [ app_init ] --END-- [ RunTime:0.000225s ]
ERR: 无法加载控制器:A

[ 2017-03-28T02:13:33+08:00 ] 101.71.55.90 /23891/
INFO: [ app_init ] --START--
INFO: Run Behavior\BuildLiteBehavior [ RunTime:0.000007s ]
INFO: [ app_init ] --END-- [ RunTime:0.000197s ]
ERR: 无法加载控制器:23891

[ 2017-03-28T02:13:34+08:00 ] 101.71.55.90 /a/product/23462.html
INFO: [ app_init ] --START--
INFO: Run Behavior\BuildLiteBehavior [ RunTime:0.000006s ]
INFO: [ app_init ] --END-- [ RunTime:0.000195s ]
ERR: 无法加载控制器:A

[ 2017-03-28T02:13:34+08:00 ] 101.71.55.90 /a/product/14212.html
INFO: [ app_init ] --START--
INFO: Run Behavior\BuildLiteBehavior [ RunTime:0.000006s ]
INFO: [ app_init ] --END-- [ RunTime:0.000218s ]
ERR: 无法加载控制器:A

[ 2017-03-28T02:13:34+08:00 ] 101.71.55.90 /37904/
INFO: [ app_init ] --START--
INFO: Run Behavior\BuildLiteBehavior [ RunTime:0.000010s ]
INFO: [ app_init ] --END-- [ RunTime:0.000339s ]
ERR: 无法加载控制器:37904

[ 2017-03-28T02:13:34+08:00 ] 101.71.55.85 /a/product/33192.html
INFO: [ app_init ] --START--
INFO: Run Behavior\BuildLiteBehavior [ RunTime:0.000007s ]
INFO: [ app_init ] --END-- [ RunTime:0.000216s ]
ERR: 无法加载控制器:A

[ 2017-03-28T02:13:34+08:00 ] 101.71.55.90 /24594/
INFO: [ app_init ] --START--
INFO: Run Behavior\BuildLiteBehavior [ RunTime:0.000006s ]
INFO: [ app_init ] --END-- [ RunTime:0.000196s ]
ERR: 无法加载控制器:24594

[ 2017-03-28T02:13:34+08:00 ] 101.71.55.90 /222/
INFO: [ app_init ] --START--
INFO: Run Behavior\BuildLiteBehavior [ RunTime:0.000005s ]
INFO: [ app_init ] --END-- [ RunTime:0.000195s ]
ERR: 无法加载控制器:222

[ 2017-03-28T02:13:35+08:00 ] 101.71.55.90 /a/focus/59297.html
INFO: [ app_init ] --START--
INFO: Run Behavior\BuildLiteBehavior [ RunTime:0.000005s ]
INFO: [ app_init ] --END-- [ RunTime:0.000196s ]
ERR: 无法加载控制器:A

[ 2017-03-28T02:13:35+08:00 ] 101.71.55.90 /36667/
INFO: [ app_init ] --START--
INFO: Run Behavior\BuildLiteBehavior [ RunTime:0.000006s ]
INFO: [ app_init ] --END-- [ RunTime:0.000205s ]
ERR: 无法加载控制器:36667

[ 2017-03-28T02:13:35+08:00 ] 101.71.55.90 /a/focus/37398.html
INFO: [ app_init ] --START--
INFO: Run Behavior\BuildLiteBehavior [ RunTime:0.000006s ]
INFO: [ app_init ] --END-- [ RunTime:0.000199s ]
ERR: 无法加载控制器:A

[ 2017-03-28T02:13:35+08:00 ] 101.71.55.85 /a/product/23430.html
INFO: [ app_init ] --START--
INFO: Run Behavior\BuildLiteBehavior [ RunTime:0.000006s ]
INFO: [ app_init ] --END-- [ RunTime:0.000192s ]
ERR: 无法加载控制器:A

[ 2017-03-28T02:13:35+08:00 ] 101.71.55.85 /a/news/64854.html
INFO: [ app_init ] --START--
INFO: Run Behavior\BuildLiteBehavior [ RunTime:0.000006s ]
INFO: [ app_init ] --END-- [ RunTime:0.000204s ]
ERR: 无法加载控制器:A

[ 2017-03-28T02:13:37+08:00 ] 101.71.55.90 /a/focus/11961.html
INFO: [ app_init ] --START--
INFO: Run Behavior\BuildLiteBehavior [ RunTime:0.000007s ]
INFO: [ app_init ] --END-- [ RunTime:0.000201s ]
ERR: 无法加载控制器:A

[ 2017-03-28T02:13:37+08:00 ] 101.71.55.85 /24618/
INFO: [ app_init ] --START--
INFO: Run Behavior\BuildLiteBehavior [ RunTime:0.000006s ]
INFO: [ app_init ] --END-- [ RunTime:0.000205s ]
ERR: 无法加载控制器:24618

[ 2017-03-28T02:13:38+08:00 ] 101.71.55.85 /11094/
INFO: [ app_init ] --START--
INFO: Run Behavior\BuildLiteBehavior [ RunTime:0.000006s ]
INFO: [ app_init ] --END-- [ RunTime:0.000195s ]
ERR: 无法加载控制器:11094

[ 2017-03-28T02:13:39+08:00 ] 58.211.2.24 /a/product/25788.html
INFO: [ app_init ] --START--
INFO: Run Behavior\BuildLiteBehavior [ RunTime:0.000009s ]
INFO: [ app_init ] --END-- [ RunTime:0.000218s ]
ERR: 无法加载控制器:A

[ 2017-03-28T02:13:40+08:00 ] 101.71.55.90 /37926/
INFO: [ app_init ] --START--
INFO: Run Behavior\BuildLiteBehavior [ RunTime:0.000006s ]
INFO: [ app_init ] --END-- [ RunTime:0.000202s ]
ERR: 无法加载控制器:37926

[ 2017-03-28T02:13:40+08:00 ] 101.71.55.90 /87899/
INFO: [ app_init ] --START--
INFO: Run Behavior\BuildLiteBehavior [ RunTime:0.000006s ]
INFO: [ app_init ] --END-- [ RunTime:0.000201s ]
ERR: 无法加载控制器:87899

[ 2017-03-28T02:13:41+08:00 ] 101.71.55.90 /153/
INFO: [ app_init ] --START--
INFO: Run Behavior\BuildLiteBehavior [ RunTime:0.000007s ]
INFO: [ app_init ] --END-- [ RunTime:0.000222s ]
ERR: 无法加载控制器:153

[ 2017-03-28T02:13:43+08:00 ] 58.211.2.24 /
INFO: [ app_init ] --START--
INFO: Run Behavior\BuildLiteBehavior [ RunTime:0.000007s ]
INFO: [ app_init ] --END-- [ RunTime:0.000201s ]

[ 2017-03-28T02:13:47+08:00 ] 101.71.55.90 /24586/
INFO: [ app_init ] --START--
INFO: Run Behavior\BuildLiteBehavior [ RunTime:0.000006s ]
INFO: [ app_init ] --END-- [ RunTime:0.000196s ]
ERR: 无法加载控制器:24586

[ 2017-03-28T02:16:54+08:00 ] 58.211.2.24 /61848/
INFO: [ app_init ] --START--
INFO: Run Behavior\BuildLiteBehavior [ RunTime:0.000006s ]
INFO: [ app_init ] --END-- [ RunTime:0.000194s ]
ERR: 无法加载控制器:61848

[ 2017-03-28T02:17:27+08:00 ] 58.211.2.24 /a/product/67761.html
INFO: [ app_init ] --START--
INFO: Run Behavior\BuildLiteBehavior [ RunTime:0.000007s ]
INFO: [ app_init ] --END-- [ RunTime:0.000202s ]
ERR: 无法加载控制器:A

[ 2017-03-28T02:17:41+08:00 ] 101.71.55.85 /37909/
INFO: [ app_init ] --START--
INFO: Run Behavior\BuildLiteBehavior [ RunTime:0.000007s ]
INFO: [ app_init ] --END-- [ RunTime:0.000204s ]
ERR: 无法加载控制器:37909

[ 2017-03-28T02:17:41+08:00 ] 101.71.55.85 /a/focus/37500.html
INFO: [ app_init ] --START--
INFO: Run Behavior\BuildLiteBehavior [ RunTime:0.000007s ]
INFO: [ app_init ] --END-- [ RunTime:0.000209s ]
ERR: 无法加载控制器:A

[ 2017-03-28T02:18:07+08:00 ] 58.211.2.24 /a/cnews/34598.html
INFO: [ app_init ] --START--
INFO: Run Behavior\BuildLiteBehavior [ RunTime:0.000006s ]
INFO: [ app_init ] --END-- [ RunTime:0.000212s ]
ERR: 无法加载控制器:A

[ 2017-03-28T02:19:47+08:00 ] 122.190.2.18 /22130/
INFO: [ app_init ] --START--
INFO: Run Behavior\BuildLiteBehavior [ RunTime:0.000006s ]
INFO: [ app_init ] --END-- [ RunTime:0.000216s ]
ERR: 无法加载控制器:22130

[ 2017-03-28T02:20:16+08:00 ] 122.190.2.18 /11061/
INFO: [ app_init ] --START--
INFO: Run Behavior\BuildLiteBehavior [ RunTime:0.000006s ]
INFO: [ app_init ] --END-- [ RunTime:0.000200s ]
ERR: 无法加载控制器:11061

[ 2017-03-28T04:36:29+08:00 ] 58.211.2.30 /61848
INFO: [ app_init ] --START--
INFO: Run Behavior\BuildLiteBehavior [ RunTime:0.000008s ]
INFO: [ app_init ] --END-- [ RunTime:0.000281s ]
ERR: 无法加载控制器:61848

[ 2017-03-28T04:36:36+08:00 ] 58.211.2.42 /a/product/14212.html
INFO: [ app_init ] --START--
INFO: Run Behavior\BuildLiteBehavior [ RunTime:0.000006s ]
INFO: [ app_init ] --END-- [ RunTime:0.000195s ]
ERR: 无法加载控制器:A

[ 2017-03-28T04:39:20+08:00 ] 58.211.2.114 /a/cnews/34598.html
INFO: [ app_init ] --START--
INFO: Run Behavior\BuildLiteBehavior [ RunTime:0.000006s ]
INFO: [ app_init ] --END-- [ RunTime:0.000211s ]
ERR: 无法加载控制器:A

[ 2017-03-28T04:47:54+08:00 ] 58.211.2.84 /24594
INFO: [ app_init ] --START--
INFO: Run Behavior\BuildLiteBehavior [ RunTime:0.000006s ]
INFO: [ app_init ] --END-- [ RunTime:0.000213s ]
ERR: 无法加载控制器:24594

[ 2017-03-28T04:48:15+08:00 ] 58.211.2.114 /
INFO: [ app_init ] --START--
INFO: Run Behavior\BuildLiteBehavior [ RunTime:0.000006s ]
INFO: [ app_init ] --END-- [ RunTime:0.000202s ]

[ 2017-03-28T04:51:11+08:00 ] 58.211.2.30 /153
INFO: [ app_init ] --START--
INFO: Run Behavior\BuildLiteBehavior [ RunTime:0.000007s ]
INFO: [ app_init ] --END-- [ RunTime:0.000210s ]
ERR: 无法加载控制器:153

[ 2017-03-28T04:53:38+08:00 ] 58.211.2.42 /a/product/23462.html
INFO: [ app_init ] --START--
INFO: Run Behavior\BuildLiteBehavior [ RunTime:0.000006s ]
INFO: [ app_init ] --END-- [ RunTime:0.000218s ]
ERR: 无法加载控制器:A

[ 2017-03-28T04:54:53+08:00 ] 115.231.186.12 /23903
INFO: [ app_init ] --START--
INFO: Run Behavior\BuildLiteBehavior [ RunTime:0.000009s ]
INFO: [ app_init ] --END-- [ RunTime:0.000232s ]
ERR: 无法加载控制器:23903

[ 2017-03-28T04:55:45+08:00 ] 58.211.2.12 /37926
INFO: [ app_init ] --START--
INFO: Run Behavior\BuildLiteBehavior [ RunTime:0.000007s ]
INFO: [ app_init ] --END-- [ RunTime:0.000200s ]
ERR: 无法加载控制器:37926

[ 2017-03-28T04:57:40+08:00 ] 58.211.2.30 /23891
INFO: [ app_init ] --START--
INFO: Run Behavior\BuildLiteBehavior [ RunTime:0.000006s ]
INFO: [ app_init ] --END-- [ RunTime:0.000193s ]
ERR: 无法加载控制器:23891

[ 2017-03-28T04:58:11+08:00 ] 58.211.2.48 /23891
INFO: [ app_init ] --START--
INFO: Run Behavior\BuildLiteBehavior [ RunTime:0.000009s ]
INFO: [ app_init ] --END-- [ RunTime:0.000210s ]
ERR: 无法加载控制器:23891

[ 2017-03-28T04:59:34+08:00 ] 58.211.2.72 /a/cnews/75609.html
INFO: [ app_init ] --START--
INFO: Run Behavior\BuildLiteBehavior [ RunTime:0.000006s ]
INFO: [ app_init ] --END-- [ RunTime:0.000207s ]
ERR: 无法加载控制器:A

[ 2017-03-28T05:00:11+08:00 ] 101.71.55.85 /24618
INFO: [ app_init ] --START--
INFO: Run Behavior\BuildLiteBehavior [ RunTime:0.000007s ]
INFO: [ app_init ] --END-- [ RunTime:0.000220s ]
ERR: 无法加载控制器:24618

[ 2017-03-28T05:00:17+08:00 ] 58.211.2.6 /24586
INFO: [ app_init ] --START--
INFO: Run Behavior\BuildLiteBehavior [ RunTime:0.000007s ]
INFO: [ app_init ] --END-- [ RunTime:0.000224s ]
ERR: 无法加载控制器:24586

[ 2017-03-28T05:00:53+08:00 ] 58.211.2.24 /a/product/63504.html
INFO: [ app_init ] --START--
INFO: Run Behavior\BuildLiteBehavior [ RunTime:0.000007s ]
INFO: [ app_init ] --END-- [ RunTime:0.000207s ]
ERR: 无法加载控制器:A

[ 2017-03-28T05:01:31+08:00 ] 58.211.2.30 /64440
INFO: [ app_init ] --START--
INFO: Run Behavior\BuildLiteBehavior [ RunTime:0.000009s ]
INFO: [ app_init ] --END-- [ RunTime:0.000317s ]
ERR: 无法加载控制器:64440

[ 2017-03-28T05:01:38+08:00 ] 58.211.2.126 /a/cnews/19230.html
INFO: [ app_init ] --START--
INFO: Run Behavior\BuildLiteBehavior [ RunTime:0.000010s ]
INFO: [ app_init ] --END-- [ RunTime:0.000317s ]
ERR: 无法加载控制器:A

[ 2017-03-28T05:02:03+08:00 ] 58.211.2.30 /87899
INFO: [ app_init ] --START--
INFO: Run Behavior\BuildLiteBehavior [ RunTime:0.000007s ]
INFO: [ app_init ] --END-- [ RunTime:0.000200s ]
ERR: 无法加载控制器:87899

[ 2017-03-28T05:02:03+08:00 ] 101.71.55.100 /11061
INFO: [ app_init ] --START--
INFO: Run Behavior\BuildLiteBehavior [ RunTime:0.000007s ]
INFO: [ app_init ] --END-- [ RunTime:0.000219s ]
ERR: 无法加载控制器:11061

[ 2017-03-28T05:03:22+08:00 ] 58.211.2.24 /a/focus/59297.html
INFO: [ app_init ] --START--
INFO: Run Behavior\BuildLiteBehavior [ RunTime:0.000007s ]
INFO: [ app_init ] --END-- [ RunTime:0.000196s ]
ERR: 无法加载控制器:A

[ 2017-03-28T05:03:50+08:00 ] 58.211.2.72 /24622
INFO: [ app_init ] --START--
INFO: Run Behavior\BuildLiteBehavior [ RunTime:0.000007s ]
INFO: [ app_init ] --END-- [ RunTime:0.000217s ]
ERR: 无法加载控制器:24622

[ 2017-03-28T05:03:53+08:00 ] 101.71.55.100 /51562
INFO: [ app_init ] --START--
INFO: Run Behavior\BuildLiteBehavior [ RunTime:0.000007s ]
INFO: [ app_init ] --END-- [ RunTime:0.000197s ]
ERR: 无法加载控制器:51562

[ 2017-03-28T05:04:00+08:00 ] 115.231.186.66 /a/focus/11980.html
INFO: [ app_init ] --START--
INFO: Run Behavior\BuildLiteBehavior [ RunTime:0.000005s ]
INFO: [ app_init ] --END-- [ RunTime:0.000217s ]
ERR: 无法加载控制器:A

[ 2017-03-28T05:04:10+08:00 ] 58.211.2.24 /a/focus/11980.html
INFO: [ app_init ] --START--
INFO: Run Behavior\BuildLiteBehavior [ RunTime:0.000007s ]
INFO: [ app_init ] --END-- [ RunTime:0.000201s ]
ERR: 无法加载控制器:A

[ 2017-03-28T05:04:13+08:00 ] 58.211.2.114 /a/product/23430.html
INFO: [ app_init ] --START--
INFO: Run Behavior\BuildLiteBehavior [ RunTime:0.000006s ]
INFO: [ app_init ] --END-- [ RunTime:0.000194s ]
ERR: 无法加载控制器:A

[ 2017-03-28T05:04:39+08:00 ] 58.211.2.120 /
INFO: [ app_init ] --START--
INFO: Run Behavior\BuildLiteBehavior [ RunTime:0.000006s ]
INFO: [ app_init ] --END-- [ RunTime:0.000198s ]

[ 2017-03-28T05:09:28+08:00 ] 58.211.2.30 /36667
INFO: [ app_init ] --START--
INFO: Run Behavior\BuildLiteBehavior [ RunTime:0.000008s ]
INFO: [ app_init ] --END-- [ RunTime:0.000214s ]
ERR: 无法加载控制器:36667

[ 2017-03-28T05:09:31+08:00 ] 115.231.186.42 /222
INFO: [ app_init ] --START--
INFO: Run Behavior\BuildLiteBehavior [ RunTime:0.000007s ]
INFO: [ app_init ] --END-- [ RunTime:0.000216s ]
ERR: 无法加载控制器:222

[ 2017-03-28T05:09:43+08:00 ] 58.211.2.72 /222
INFO: [ app_init ] --START--
INFO: Run Behavior\BuildLiteBehavior [ RunTime:0.000008s ]
INFO: [ app_init ] --END-- [ RunTime:0.000203s ]
ERR: 无法加载控制器:222

[ 2017-03-28T05:10:55+08:00 ] 115.231.186.12 /a/focus/92497.html
INFO: [ app_init ] --START--
INFO: Run Behavior\BuildLiteBehavior [ RunTime:0.000009s ]
INFO: [ app_init ] --END-- [ RunTime:0.000268s ]
ERR: 无法加载控制器:A

[ 2017-03-28T05:11:04+08:00 ] 58.211.2.30 /a/focus/92497.html
INFO: [ app_init ] --START--
INFO: Run Behavior\BuildLiteBehavior [ RunTime:0.000006s ]
INFO: [ app_init ] --END-- [ RunTime:0.000214s ]
ERR: 无法加载控制器:A

[ 2017-03-28T05:14:36+08:00 ] 115.231.186.18 /a/product/67761.html
INFO: [ app_init ] --START--
INFO: Run Behavior\BuildLiteBehavior [ RunTime:0.000006s ]
INFO: [ app_init ] --END-- [ RunTime:0.000199s ]
ERR: 无法加载控制器:A

[ 2017-03-28T05:14:37+08:00 ] 115.231.186.42 /11094
INFO: [ app_init ] --START--
INFO: Run Behavior\BuildLiteBehavior [ RunTime:0.000007s ]
INFO: [ app_init ] --END-- [ RunTime:0.000204s ]
ERR: 无法加载控制器:11094

[ 2017-03-28T05:14:45+08:00 ] 58.211.2.30 /a/product/67761.html
INFO: [ app_init ] --START--
INFO: Run Behavior\BuildLiteBehavior [ RunTime:0.000005s ]
INFO: [ app_init ] --END-- [ RunTime:0.000193s ]
ERR: 无法加载控制器:A

[ 2017-03-28T05:14:46+08:00 ] 58.211.2.114 /11094
INFO: [ app_init ] --START--
INFO: Run Behavior\BuildLiteBehavior [ RunTime:0.000007s ]
INFO: [ app_init ] --END-- [ RunTime:0.000209s ]
ERR: 无法加载控制器:11094

[ 2017-03-28T05:16:57+08:00 ] 115.231.186.12 /37909
INFO: [ app_init ] --START--
INFO: Run Behavior\BuildLiteBehavior [ RunTime:0.000006s ]
INFO: [ app_init ] --END-- [ RunTime:0.000200s ]
ERR: 无法加载控制器:37909

[ 2017-03-28T05:17:06+08:00 ] 58.211.2.54 /37909
INFO: [ app_init ] --START--
INFO: Run Behavior\BuildLiteBehavior [ RunTime:0.000006s ]
INFO: [ app_init ] --END-- [ RunTime:0.000214s ]
ERR: 无法加载控制器:37909

[ 2017-03-28T05:17:06+08:00 ] 58.211.2.84 /24592
INFO: [ app_init ] --START--
INFO: Run Behavior\BuildLiteBehavior [ RunTime:0.000006s ]
INFO: [ app_init ] --END-- [ RunTime:0.000194s ]
ERR: 无法加载控制器:24592

[ 2017-03-28T05:17:13+08:00 ] 115.231.186.66 /51574
INFO: [ app_init ] --START--
INFO: Run Behavior\BuildLiteBehavior [ RunTime:0.000006s ]
INFO: [ app_init ] --END-- [ RunTime:0.000243s ]
ERR: 无法加载控制器:51574

[ 2017-03-28T05:17:14+08:00 ] 115.231.186.12 /a/cnews/41223.html
INFO: [ app_init ] --START--
INFO: Run Behavior\BuildLiteBehavior [ RunTime:0.000006s ]
INFO: [ app_init ] --END-- [ RunTime:0.000195s ]
ERR: 无法加载控制器:A

[ 2017-03-28T05:17:23+08:00 ] 58.211.2.12 /51574
INFO: [ app_init ] --START--
INFO: Run Behavior\BuildLiteBehavior [ RunTime:0.000006s ]
INFO: [ app_init ] --END-- [ RunTime:0.000200s ]
ERR: 无法加载控制器:51574

[ 2017-03-28T05:17:24+08:00 ] 58.211.2.126 /a/cnews/41223.html
INFO: [ app_init ] --START--
INFO: Run Behavior\BuildLiteBehavior [ RunTime:0.000007s ]
INFO: [ app_init ] --END-- [ RunTime:0.000195s ]
ERR: 无法加载控制器:A

[ 2017-03-28T05:18:24+08:00 ] 58.211.2.42 /a/news/64854.html
INFO: [ app_init ] --START--
INFO: Run Behavior\BuildLiteBehavior [ RunTime:0.000006s ]
INFO: [ app_init ] --END-- [ RunTime:0.000198s ]
ERR: 无法加载控制器:A

[ 2017-03-28T05:20:00+08:00 ] 101.71.55.110 /a/focus/92497.html
INFO: [ app_init ] --START--
INFO: Run Behavior\BuildLiteBehavior [ RunTime:0.000006s ]
INFO: [ app_init ] --END-- [ RunTime:0.000195s ]
ERR: 无法加载控制器:A

[ 2017-03-28T05:20:23+08:00 ] 58.211.2.30 /22130
INFO: [ app_init ] --START--
INFO: Run Behavior\BuildLiteBehavior [ RunTime:0.000007s ]
INFO: [ app_init ] --END-- [ RunTime:0.000243s ]
ERR: 无法加载控制器:22130

[ 2017-03-28T05:23:24+08:00 ] 58.211.2.30 /37904
INFO: [ app_init ] --START--
INFO: Run Behavior\BuildLiteBehavior [ RunTime:0.000010s ]
INFO: [ app_init ] --END-- [ RunTime:0.000274s ]
ERR: 无法加载控制器:37904

[ 2017-03-28T05:26:49+08:00 ] 58.211.2.30 /a/focus/37500.html
INFO: [ app_init ] --START--
INFO: Run Behavior\BuildLiteBehavior [ RunTime:0.000007s ]
INFO: [ app_init ] --END-- [ RunTime:0.000215s ]
ERR: 无法加载控制器:A

[ 2017-03-28T05:27:01+08:00 ] 115.231.186.18 /51574
INFO: [ app_init ] --START--
INFO: Run Behavior\BuildLiteBehavior [ RunTime:0.000006s ]
INFO: [ app_init ] --END-- [ RunTime:0.000199s ]
ERR: 无法加载控制器:51574

[ 2017-03-28T05:30:23+08:00 ] 58.211.2.42 /a/focus/37398.html
INFO: [ app_init ] --START--
INFO: Run Behavior\BuildLiteBehavior [ RunTime:0.000005s ]
INFO: [ app_init ] --END-- [ RunTime:0.000195s ]
ERR: 无法加载控制器:A

[ 2017-03-28T05:31:25+08:00 ] 58.211.2.42 /a/product/25788.html
INFO: [ app_init ] --START--
INFO: Run Behavior\BuildLiteBehavior [ RunTime:0.000007s ]
INFO: [ app_init ] --END-- [ RunTime:0.000208s ]
ERR: 无法加载控制器:A

[ 2017-03-28T05:31:39+08:00 ] 58.211.2.6 /36666
INFO: [ app_init ] --START--
INFO: Run Behavior\BuildLiteBehavior [ RunTime:0.000006s ]
INFO: [ app_init ] --END-- [ RunTime:0.000195s ]
ERR: 无法加载控制器:36666

[ 2017-03-28T05:53:09+08:00 ] 122.190.2.30 /222
INFO: [ app_init ] --START--
INFO: Run Behavior\BuildLiteBehavior [ RunTime:0.000006s ]
INFO: [ app_init ] --END-- [ RunTime:0.000199s ]
ERR: 无法加载控制器:222

[ 2017-03-28T06:01:43+08:00 ] 58.211.2.48 /222
INFO: [ app_init ] --START--
INFO: Run Behavior\BuildLiteBehavior [ RunTime:0.000009s ]
INFO: [ app_init ] --END-- [ RunTime:0.000262s ]
ERR: 无法加载控制器:222

[ 2017-03-28T06:08:35+08:00 ] 58.211.2.30 /11071
INFO: [ app_init ] --START--
INFO: Run Behavior\BuildLiteBehavior [ RunTime:0.000010s ]
INFO: [ app_init ] --END-- [ RunTime:0.000277s ]
ERR: 无法加载控制器:11071

[ 2017-03-28T06:10:18+08:00 ] 122.190.2.18 /36667
INFO: [ app_init ] --START--
INFO: Run Behavior\BuildLiteBehavior [ RunTime:0.000007s ]
INFO: [ app_init ] --END-- [ RunTime:0.000272s ]
ERR: 无法加载控制器:36667

[ 2017-03-28T06:15:00+08:00 ] 58.211.2.30 /a/focus/11961.html
INFO: [ app_init ] --START--
INFO: Run Behavior\BuildLiteBehavior [ RunTime:0.000008s ]
INFO: [ app_init ] --END-- [ RunTime:0.000242s ]
ERR: 无法加载控制器:A

[ 2017-03-28T06:15:12+08:00 ] 101.71.55.135 /a/focus/11961.html
INFO: [ app_init ] --START--
INFO: Run Behavior\BuildLiteBehavior [ RunTime:0.000009s ]
INFO: [ app_init ] --END-- [ RunTime:0.000248s ]
ERR: 无法加载控制器:A

[ 2017-03-28T06:59:39+08:00 ] 122.190.2.42 /ln/cache/get_tghb.html
INFO: [ app_init ] --START--
INFO: Run Behavior\BuildLiteBehavior [ RunTime:0.000006s ]
INFO: [ app_init ] --END-- [ RunTime:0.000197s ]
ERR: 无法加载控制器:Cache

[ 2017-03-28T06:59:39+08:00 ] 122.190.2.54 /index.php
INFO: [ app_init ] --START--
INFO: Run Behavior\BuildLiteBehavior [ RunTime:0.000006s ]
INFO: [ app_init ] --END-- [ RunTime:0.000197s ]

[ 2017-03-28T07:03:51+08:00 ] 123.125.67.163 /robots.txt
INFO: [ app_init ] --START--
INFO: Run Behavior\BuildLiteBehavior [ RunTime:0.000006s ]
INFO: [ app_init ] --END-- [ RunTime:0.000213s ]
ERR: 无法加载控制器:Robots.txt

[ 2017-03-28T07:07:29+08:00 ] 220.181.108.115 /
INFO: [ app_init ] --START--
INFO: Run Behavior\BuildLiteBehavior [ RunTime:0.000010s ]
INFO: [ app_init ] --END-- [ RunTime:0.000248s ]

[ 2017-03-28T07:13:03+08:00 ] 58.211.2.72 /a/product/14212.html
INFO: [ app_init ] --START--
INFO: Run Behavior\BuildLiteBehavior [ RunTime:0.000006s ]
INFO: [ app_init ] --END-- [ RunTime:0.000201s ]
ERR: 无法加载控制器:A

[ 2017-03-28T07:50:49+08:00 ] 58.211.2.84 /a/cnews/19230.html
INFO: [ app_init ] --START--
INFO: Run Behavior\BuildLiteBehavior [ RunTime:0.000007s ]
INFO: [ app_init ] --END-- [ RunTime:0.000207s ]
ERR: 无法加载控制器:A

[ 2017-03-28T07:50:49+08:00 ] 58.211.2.30 /a/focus/92497.html
INFO: [ app_init ] --START--
INFO: Run Behavior\BuildLiteBehavior [ RunTime:0.000005s ]
INFO: [ app_init ] --END-- [ RunTime:0.000197s ]
ERR: 无法加载控制器:A

[ 2017-03-28T07:50:49+08:00 ] 58.211.2.6 /a/cnews/75609.html
INFO: [ app_init ] --START--
INFO: Run Behavior\BuildLiteBehavior [ RunTime:0.000010s ]
INFO: [ app_init ] --END-- [ RunTime:0.000306s ]
ERR: 无法加载控制器:A

[ 2017-03-28T07:52:44+08:00 ] 58.211.2.6 /24618
INFO: [ app_init ] --START--
INFO: Run Behavior\BuildLiteBehavior [ RunTime:0.000006s ]
INFO: [ app_init ] --END-- [ RunTime:0.000194s ]
ERR: 无法加载控制器:24618

[ 2017-03-28T07:52:44+08:00 ] 101.71.55.80 /a/focus/37500.html
INFO: [ app_init ] --START--
INFO: Run Behavior\BuildLiteBehavior [ RunTime:0.000006s ]
INFO: [ app_init ] --END-- [ RunTime:0.000195s ]
ERR: 无法加载控制器:A

[ 2017-03-28T07:56:41+08:00 ] 58.211.2.12 /a/cnews/34598.html
INFO: [ app_init ] --START--
INFO: Run Behavior\BuildLiteBehavior [ RunTime:0.000006s ]
INFO: [ app_init ] --END-- [ RunTime:0.000214s ]
ERR: 无法加载控制器:A

[ 2017-03-28T07:56:58+08:00 ] 58.211.2.30 /22130
INFO: [ app_init ] --START--
INFO: Run Behavior\BuildLiteBehavior [ RunTime:0.000007s ]
INFO: [ app_init ] --END-- [ RunTime:0.000229s ]
ERR: 无法加载控制器:22130

[ 2017-03-28T07:58:08+08:00 ] 58.211.2.12 /a/product/23430.html
INFO: [ app_init ] --START--
INFO: Run Behavior\BuildLiteBehavior [ RunTime:0.000007s ]
INFO: [ app_init ] --END-- [ RunTime:0.000202s ]
ERR: 无法加载控制器:A

[ 2017-03-28T07:58:21+08:00 ] 122.190.2.66 /a/product/23430.html
INFO: [ app_init ] --START--
INFO: Run Behavior\BuildLiteBehavior [ RunTime:0.000008s ]
INFO: [ app_init ] --END-- [ RunTime:0.000215s ]
ERR: 无法加载控制器:A

[ 2017-03-28T08:01:04+08:00 ] 58.211.2.48 /a/focus/37500.html
INFO: [ app_init ] --START--
INFO: Run Behavior\BuildLiteBehavior [ RunTime:0.000007s ]
INFO: [ app_init ] --END-- [ RunTime:0.000195s ]
ERR: 无法加载控制器:A

[ 2017-03-28T08:05:01+08:00 ] 58.211.2.78 /a/cnews/34598.html
INFO: [ app_init ] --START--
INFO: Run Behavior\BuildLiteBehavior [ RunTime:0.000007s ]
INFO: [ app_init ] --END-- [ RunTime:0.000201s ]
ERR: 无法加载控制器:A

[ 2017-03-28T08:05:06+08:00 ] 108.162.229.47 /
INFO: [ app_init ] --START--
INFO: Run Behavior\BuildLiteBehavior [ RunTime:0.000007s ]
INFO: [ app_init ] --END-- [ RunTime:0.000203s ]

[ 2017-03-28T08:33:36+08:00 ] 58.211.2.126 /a/focus/37398.html
INFO: [ app_init ] --START--
INFO: Run Behavior\BuildLiteBehavior [ RunTime:0.000007s ]
INFO: [ app_init ] --END-- [ RunTime:0.000201s ]
ERR: 无法加载控制器:A

[ 2017-03-28T08:41:51+08:00 ] 58.211.2.96 /
INFO: [ app_init ] --START--
INFO: Run Behavior\BuildLiteBehavior [ RunTime:0.000007s ]
INFO: [ app_init ] --END-- [ RunTime:0.000219s ]

[ 2017-03-28T09:13:48+08:00 ] 58.211.2.114 /222
INFO: [ app_init ] --START--
INFO: Run Behavior\BuildLiteBehavior [ RunTime:0.000007s ]
INFO: [ app_init ] --END-- [ RunTime:0.000206s ]
ERR: 无法加载控制器:222

[ 2017-03-28T09:30:57+08:00 ] 58.211.2.120 /ln/cache/get_tghb.html
INFO: [ app_init ] --START--
INFO: Run Behavior\BuildLiteBehavior [ RunTime:0.000012s ]
INFO: [ app_init ] --END-- [ RunTime:0.000361s ]
ERR: 无法加载控制器:Cache

[ 2017-03-28T09:31:10+08:00 ] 122.190.2.72 /ln/cache/get_tghb.html
INFO: [ app_init ] --START--
INFO: Run Behavior\BuildLiteBehavior [ RunTime:0.000007s ]
INFO: [ app_init ] --END-- [ RunTime:0.000212s ]
ERR: 无法加载控制器:Cache

[ 2017-03-28T10:04:39+08:00 ] 115.231.186.66 /a/focus/37500.html
INFO: [ app_init ] --START--
INFO: Run Behavior\BuildLiteBehavior [ RunTime:0.000006s ]
INFO: [ app_init ] --END-- [ RunTime:0.000217s ]
ERR: 无法加载控制器:A

[ 2017-03-28T10:10:22+08:00 ] 115.231.186.12 /a/cnews/19230.html
INFO: [ app_init ] --START--
INFO: Run Behavior\BuildLiteBehavior [ RunTime:0.000007s ]
INFO: [ app_init ] --END-- [ RunTime:0.000221s ]
ERR: 无法加载控制器:A

[ 2017-03-28T10:38:58+08:00 ] 58.211.2.108 /a/focus/92497.html
INFO: [ app_init ] --START--
INFO: Run Behavior\BuildLiteBehavior [ RunTime:0.000006s ]
INFO: [ app_init ] --END-- [ RunTime:0.000222s ]
ERR: 无法加载控制器:A

[ 2017-03-28T10:46:18+08:00 ] 101.226.33.239 /index.php?m%3D%26c%3DTg%26a%3Dgeneralize
INFO: [ app_init ] --START--
INFO: Run Behavior\BuildLiteBehavior [ RunTime:0.000007s ]
INFO: [ app_init ] --END-- [ RunTime:0.000202s ]

[ 2017-03-28T12:00:36+08:00 ] 122.190.2.54 /index.php
INFO: [ app_init ] --START--
INFO: Run Behavior\BuildLiteBehavior [ RunTime:0.000007s ]
INFO: [ app_init ] --END-- [ RunTime:0.000218s ]

[ 2017-03-28T12:01:30+08:00 ] 122.190.2.48 /index.php
INFO: [ app_init ] --START--
INFO: Run Behavior\BuildLiteBehavior [ RunTime:0.000006s ]
INFO: [ app_init ] --END-- [ RunTime:0.000208s ]

[ 2017-03-28T12:02:01+08:00 ] 122.190.2.48 /
INFO: [ app_init ] --START--
INFO: Run Behavior\BuildLiteBehavior [ RunTime:0.000007s ]
INFO: [ app_init ] --END-- [ RunTime:0.000209s ]

[ 2017-03-28T12:46:09+08:00 ] 122.190.2.42 /ln/cache/get_tghb.html
INFO: [ app_init ] --START--
INFO: Run Behavior\BuildLiteBehavior [ RunTime:0.000006s ]
INFO: [ app_init ] --END-- [ RunTime:0.000223s ]
ERR: 无法加载控制器:Cache

[ 2017-03-28T12:46:10+08:00 ] 122.190.2.42 /ln/cache/get_tghb.html
INFO: [ app_init ] --START--
INFO: Run Behavior\BuildLiteBehavior [ RunTime:0.000006s ]
INFO: [ app_init ] --END-- [ RunTime:0.000199s ]
ERR: 无法加载控制器:Cache

[ 2017-03-28T12:48:25+08:00 ] 122.190.2.72 /ln/cache/get_tghb.html
INFO: [ app_init ] --START--
INFO: Run Behavior\BuildLiteBehavior [ RunTime:0.000006s ]
INFO: [ app_init ] --END-- [ RunTime:0.000209s ]
ERR: 无法加载控制器:Cache

[ 2017-03-28T13:09:32+08:00 ] 101.71.55.105 /
INFO: [ app_init ] --START--
INFO: Run Behavior\BuildLiteBehavior [ RunTime:0.000007s ]
INFO: [ app_init ] --END-- [ RunTime:0.000207s ]

[ 2017-03-28T14:52:16+08:00 ] 58.211.2.126 /
INFO: [ app_init ] --START--
INFO: Run Behavior\BuildLiteBehavior [ RunTime:0.000007s ]
INFO: [ app_init ] --END-- [ RunTime:0.000218s ]

[ 2017-03-28T15:10:26+08:00 ] 108.162.215.233 /robots.txt
INFO: [ app_init ] --START--
INFO: Run Behavior\BuildLiteBehavior [ RunTime:0.000007s ]
INFO: [ app_init ] --END-- [ RunTime:0.000257s ]
ERR: 无法加载控制器:Robots.txt

[ 2017-03-28T15:10:26+08:00 ] 162.158.59.59 /
INFO: [ app_init ] --START--
INFO: Run Behavior\BuildLiteBehavior [ RunTime:0.000007s ]
INFO: [ app_init ] --END-- [ RunTime:0.000257s ]

[ 2017-03-28T15:22:14+08:00 ] 58.211.2.60 /index.php
INFO: [ app_init ] --START--
INFO: Run Behavior\BuildLiteBehavior [ RunTime:0.000007s ]
INFO: [ app_init ] --END-- [ RunTime:0.000198s ]

[ 2017-03-28T15:28:01+08:00 ] 122.190.2.84 /
INFO: [ app_init ] --START--
INFO: Run Behavior\BuildLiteBehavior [ RunTime:0.000008s ]
INFO: [ app_init ] --END-- [ RunTime:0.000233s ]

[ 2017-03-28T15:29:33+08:00 ] 122.190.2.6 /
INFO: [ app_init ] --START--
INFO: Run Behavior\BuildLiteBehavior [ RunTime:0.000009s ]
INFO: [ app_init ] --END-- [ RunTime:0.000292s ]

[ 2017-03-28T16:39:11+08:00 ] 101.71.55.105 /
INFO: [ app_init ] --START--
INFO: Run Behavior\BuildLiteBehavior [ RunTime:0.000007s ]
INFO: [ app_init ] --END-- [ RunTime:0.000220s ]

[ 2017-03-28T18:10:40+08:00 ] 117.34.13.36 /
INFO: [ app_init ] --START--
INFO: Run Behavior\BuildLiteBehavior [ RunTime:0.000006s ]
INFO: [ app_init ] --END-- [ RunTime:0.000229s ]

[ 2017-03-28T22:00:12+08:00 ] 183.221.100.254 /favicon.ico
INFO: [ app_init ] --START--
INFO: Run Behavior\BuildLiteBehavior [ RunTime:0.000000s ]
INFO: [ app_init ] --END-- [ RunTime:0.000000s ]

[ 2017-03-28T22:00:13+08:00 ] 183.221.100.254 /favicon.ico
INFO: [ app_init ] --START--
INFO: Run Behavior\BuildLiteBehavior [ RunTime:0.000006s ]
INFO: [ app_init ] --END-- [ RunTime:0.000267s ]

[ 2017-03-28T22:00:14+08:00 ] 183.221.100.254 /
INFO: [ app_init ] --START--
INFO: Run Behavior\BuildLiteBehavior [ RunTime:0.000009s ]
INFO: [ app_init ] --END-- [ RunTime:0.000314s ]

[ 2017-03-28T22:00:14+08:00 ] 183.221.100.254 /index.php?m=&c=login&a=verify
INFO: [ app_init ] --START--
INFO: Run Behavior\BuildLiteBehavior [ RunTime:0.000010s ]
INFO: [ app_init ] --END-- [ RunTime:0.000248s ]

[ 2017-03-28T22:00:17+08:00 ] 183.221.100.254 /favicon.ico
INFO: [ app_init ] --START--
INFO: Run Behavior\BuildLiteBehavior [ RunTime:0.000007s ]
INFO: [ app_init ] --END-- [ RunTime:0.000262s ]

[ 2017-03-28T22:00:34+08:00 ] 183.221.100.254 /index.php?m=&c=login&a=login
INFO: [ app_init ] --START--
INFO: Run Behavior\BuildLiteBehavior [ RunTime:0.000006s ]
INFO: [ app_init ] --END-- [ RunTime:0.000256s ]

[ 2017-03-28T22:00:34+08:00 ] 183.221.100.254 /index.php?m=Ln&c=Tg&a=index
INFO: [ app_init ] --START--
INFO: Run Behavior\BuildLiteBehavior [ RunTime:0.000009s ]
INFO: [ app_init ] --END-- [ RunTime:0.000285s ]

[ 2017-03-28T22:00:37+08:00 ] 183.221.100.254 /index.php?m=&c=PayWechat&a=index
INFO: [ app_init ] --START--
INFO: Run Behavior\BuildLiteBehavior [ RunTime:0.000007s ]
INFO: [ app_init ] --END-- [ RunTime:0.000251s ]

[ 2017-03-28T22:00:41+08:00 ] 183.221.100.254 /index.php?m=&c=PayWechat&a=add
INFO: [ app_init ] --START--
INFO: Run Behavior\BuildLiteBehavior [ RunTime:0.000007s ]
INFO: [ app_init ] --END-- [ RunTime:0.000203s ]

[ 2017-03-28T22:00:43+08:00 ] 117.185.27.114 /index.php?m=&c=login&a=login
INFO: [ app_init ] --START--
INFO: Run Behavior\BuildLiteBehavior [ RunTime:0.000007s ]
INFO: [ app_init ] --END-- [ RunTime:0.000242s ]

[ 2017-03-28T22:00:46+08:00 ] 140.207.185.109 /index.php?m=ln&c=tg&a=index
INFO: [ app_init ] --START--
INFO: Run Behavior\BuildLiteBehavior [ RunTime:0.000006s ]
INFO: [ app_init ] --END-- [ RunTime:0.000200s ]

[ 2017-03-28T22:00:47+08:00 ] 180.153.206.21 /index.php?m=&c=PayWechat&a=index
INFO: [ app_init ] --START--
INFO: Run Behavior\BuildLiteBehavior [ RunTime:0.000007s ]
INFO: [ app_init ] --END-- [ RunTime:0.000208s ]

[ 2017-03-28T22:00:51+08:00 ] 61.151.226.202 /index.php?m=&c=PayWechat&a=add
INFO: [ app_init ] --START--
INFO: Run Behavior\BuildLiteBehavior [ RunTime:0.000010s ]
INFO: [ app_init ] --END-- [ RunTime:0.000304s ]

[ 2017-03-28T22:04:58+08:00 ] 183.221.100.254 /index.php?m=&c=PayWechat&a=update
INFO: [ app_init ] --START--
INFO: Run Behavior\BuildLiteBehavior [ RunTime:0.000007s ]
INFO: [ app_init ] --END-- [ RunTime:0.000220s ]
DEBUG: pay-wechat:"<!DOCTYPE HTML PUBLIC \"-\/\/IETF\/\/DTD HTML 2.0\/\/EN\">\r\n<html>\r\n<head><title>404 Not Found<\/title><\/head>\r\n<body bgcolor=\"white\">\r\n<h1>404 Not Found<\/h1>\r\n<p>The requested URL was not found on this server. Sorry for the inconvenience.<br\/>\r\nPlease report this message and include the following information to us.<br\/>\r\nThank you very much!<\/p>\r\n<table>\r\n<tr>\r\n<td>URL:<\/td>\r\n<td>http:\/\/movie.yqhuakun.com\/index.php\/index\/admin\/site_pay_url?&amp;app_id=1000000001&amp;url=1&amp;sign=086716d499839e53d619bd0ea8c49bcd<\/td>\r\n<\/tr>\r\n<tr>\r\n<td>Server:<\/td>\r\n<td>vm_54_33_centos<\/td>\r\n<\/tr>\r\n<tr>\r\n<td>Date:<\/td>\r\n<td>2017\/03\/28 22:04:58<\/td>\r\n<\/tr>\r\n<\/table>\r\n<hr\/>Powered by Tengine<\/body>\r\n<\/html>\r\n"

[ 2017-03-28T22:04:59+08:00 ] 183.221.100.254 /index.php?m=&c=PayWechat&a=index
INFO: [ app_init ] --START--
INFO: Run Behavior\BuildLiteBehavior [ RunTime:0.000008s ]
INFO: [ app_init ] --END-- [ RunTime:0.000245s ]

[ 2017-03-28T22:05:08+08:00 ] 101.226.33.237 /index.php?m=&c=PayWechat&a=update
INFO: [ app_init ] --START--
INFO: Run Behavior\BuildLiteBehavior [ RunTime:0.000007s ]
INFO: [ app_init ] --END-- [ RunTime:0.000255s ]

