[ 2017-03-29T00:55:36+08:00 ] 101.226.64.174 /index.php?m%3Dln%26c%3Dtg%26a%3Dindex
INFO: [ app_init ] --START--
INFO: Run Behavior\BuildLiteBehavior [ RunTime:0.000010s ]
INFO: [ app_init ] --END-- [ RunTime:0.000275s ]

[ 2017-03-29T00:55:45+08:00 ] 180.153.214.189 /index.php?m%3Dln%26c%3Dtg%26a%3Dindex
INFO: [ app_init ] --START--
INFO: Run Behavior\BuildLiteBehavior [ RunTime:0.000006s ]
INFO: [ app_init ] --END-- [ RunTime:0.000225s ]

[ 2017-03-29T01:17:51+08:00 ] 112.90.82.218 /
INFO: [ app_init ] --START--
INFO: Run Behavior\BuildLiteBehavior [ RunTime:0.000009s ]
INFO: [ app_init ] --END-- [ RunTime:0.000221s ]

[ 2017-03-29T01:18:00+08:00 ] 180.153.206.18 /
INFO: [ app_init ] --START--
INFO: Run Behavior\BuildLiteBehavior [ RunTime:0.000009s ]
INFO: [ app_init ] --END-- [ RunTime:0.000218s ]

[ 2017-03-29T03:48:40+08:00 ] 101.71.55.105 /
INFO: [ app_init ] --START--
INFO: Run Behavior\BuildLiteBehavior [ RunTime:0.000007s ]
INFO: [ app_init ] --END-- [ RunTime:0.000235s ]

[ 2017-03-29T03:49:25+08:00 ] 180.153.206.16 /index.php?m%253Dln%2526c%253Dtg%2526a%253Dindex
INFO: [ app_init ] --START--
INFO: Run Behavior\BuildLiteBehavior [ RunTime:0.000007s ]
INFO: [ app_init ] --END-- [ RunTime:0.000197s ]

[ 2017-03-29T05:06:37+08:00 ] 116.31.126.102 /
INFO: [ app_init ] --START--
INFO: Run Behavior\BuildLiteBehavior [ RunTime:0.000007s ]
INFO: [ app_init ] --END-- [ RunTime:0.000198s ]

[ 2017-03-29T05:53:12+08:00 ] 101.71.55.120 /
INFO: [ app_init ] --START--
INFO: Run Behavior\BuildLiteBehavior [ RunTime:0.000007s ]
INFO: [ app_init ] --END-- [ RunTime:0.000200s ]

[ 2017-03-29T05:53:12+08:00 ] 101.71.55.120 /
INFO: [ app_init ] --START--
INFO: Run Behavior\BuildLiteBehavior [ RunTime:0.000007s ]
INFO: [ app_init ] --END-- [ RunTime:0.000209s ]

[ 2017-03-29T07:18:37+08:00 ] 122.190.2.24 /ln/cache/get_tghb.html
INFO: [ app_init ] --START--
INFO: Run Behavior\BuildLiteBehavior [ RunTime:0.000008s ]
INFO: [ app_init ] --END-- [ RunTime:0.000284s ]
ERR: 无法加载控制器:Cache

[ 2017-03-29T07:18:37+08:00 ] 122.190.2.84 /
INFO: [ app_init ] --START--
INFO: Run Behavior\BuildLiteBehavior [ RunTime:0.000006s ]
INFO: [ app_init ] --END-- [ RunTime:0.000201s ]

[ 2017-03-29T07:18:37+08:00 ] 122.190.2.84 /a/focus/92497.html
INFO: [ app_init ] --START--
INFO: Run Behavior\BuildLiteBehavior [ RunTime:0.000006s ]
INFO: [ app_init ] --END-- [ RunTime:0.000240s ]
ERR: 无法加载控制器:A

[ 2017-03-29T10:08:25+08:00 ] 116.31.126.153 /a/focus/92497.html
INFO: [ app_init ] --START--
INFO: Run Behavior\BuildLiteBehavior [ RunTime:0.000006s ]
INFO: [ app_init ] --END-- [ RunTime:0.000241s ]
ERR: 无法加载控制器:A

[ 2017-03-29T10:30:44+08:00 ] 116.31.126.106 /ln/cache/get_tghb.html
INFO: [ app_init ] --START--
INFO: Run Behavior\BuildLiteBehavior [ RunTime:0.000007s ]
INFO: [ app_init ] --END-- [ RunTime:0.000235s ]
ERR: 无法加载控制器:Cache

[ 2017-03-29T10:32:04+08:00 ] 101.226.89.122 /index.php?m%253D%2526c%253DTg%2526a%253Dgeneralize
INFO: [ app_init ] --START--
INFO: Run Behavior\BuildLiteBehavior [ RunTime:0.000007s ]
INFO: [ app_init ] --END-- [ RunTime:0.000230s ]

[ 2017-03-29T12:04:53+08:00 ] 122.190.2.48 /index.php
INFO: [ app_init ] --START--
INFO: Run Behavior\BuildLiteBehavior [ RunTime:0.000007s ]
INFO: [ app_init ] --END-- [ RunTime:0.000263s ]

[ 2017-03-29T12:32:22+08:00 ] 183.221.100.254 /favicon.ico
INFO: [ app_init ] --START--
INFO: Run Behavior\BuildLiteBehavior [ RunTime:0.000006s ]
INFO: [ app_init ] --END-- [ RunTime:0.000210s ]

[ 2017-03-29T12:32:22+08:00 ] 183.221.100.254 /favicon.ico
INFO: [ app_init ] --START--
INFO: Run Behavior\BuildLiteBehavior [ RunTime:0.000007s ]
INFO: [ app_init ] --END-- [ RunTime:0.000202s ]

[ 2017-03-29T12:32:22+08:00 ] 183.221.100.254 /favicon.ico
INFO: [ app_init ] --START--
INFO: Run Behavior\BuildLiteBehavior [ RunTime:0.000009s ]
INFO: [ app_init ] --END-- [ RunTime:0.000209s ]

[ 2017-03-29T12:32:23+08:00 ] 183.221.100.254 /favicon.ico
INFO: [ app_init ] --START--
INFO: Run Behavior\BuildLiteBehavior [ RunTime:0.000006s ]
INFO: [ app_init ] --END-- [ RunTime:0.000237s ]

[ 2017-03-29T12:32:23+08:00 ] 183.221.100.254 /favicon.ico
INFO: [ app_init ] --START--
INFO: Run Behavior\BuildLiteBehavior [ RunTime:0.000007s ]
INFO: [ app_init ] --END-- [ RunTime:0.000203s ]

[ 2017-03-29T12:32:23+08:00 ] 183.221.100.254 /
INFO: [ app_init ] --START--
INFO: Run Behavior\BuildLiteBehavior [ RunTime:0.000007s ]
INFO: [ app_init ] --END-- [ RunTime:0.000210s ]

[ 2017-03-29T12:32:24+08:00 ] 183.221.100.254 /index.php?m=&c=login&a=verify
INFO: [ app_init ] --START--
INFO: Run Behavior\BuildLiteBehavior [ RunTime:0.000007s ]
INFO: [ app_init ] --END-- [ RunTime:0.000210s ]

[ 2017-03-29T12:32:26+08:00 ] 183.221.100.254 /favicon.ico
INFO: [ app_init ] --START--
INFO: Run Behavior\BuildLiteBehavior [ RunTime:0.000006s ]
INFO: [ app_init ] --END-- [ RunTime:0.000199s ]

[ 2017-03-29T12:32:37+08:00 ] 183.221.100.254 /index.php?m=&c=login&a=login
INFO: [ app_init ] --START--
INFO: Run Behavior\BuildLiteBehavior [ RunTime:0.000006s ]
INFO: [ app_init ] --END-- [ RunTime:0.000243s ]

[ 2017-03-29T12:32:37+08:00 ] 183.221.100.254 /index.php?m=Ln&c=Tg&a=index
INFO: [ app_init ] --START--
INFO: Run Behavior\BuildLiteBehavior [ RunTime:0.000007s ]
INFO: [ app_init ] --END-- [ RunTime:0.000203s ]

[ 2017-03-29T12:32:41+08:00 ] 183.221.100.254 /index.php?m=&c=PayWechat&a=index
INFO: [ app_init ] --START--
INFO: Run Behavior\BuildLiteBehavior [ RunTime:0.000009s ]
INFO: [ app_init ] --END-- [ RunTime:0.000314s ]

[ 2017-03-29T12:32:47+08:00 ] 61.151.228.22 /index.php?m=&c=login&a=login
INFO: [ app_init ] --START--
INFO: Run Behavior\BuildLiteBehavior [ RunTime:0.000007s ]
INFO: [ app_init ] --END-- [ RunTime:0.000212s ]

[ 2017-03-29T12:32:53+08:00 ] 180.153.206.21 /index.php?m=&c=paywechat&a=index
INFO: [ app_init ] --START--
INFO: Run Behavior\BuildLiteBehavior [ RunTime:0.000007s ]
INFO: [ app_init ] --END-- [ RunTime:0.000210s ]
ERR: 无法加载控制器:Paywechat

[ 2017-03-29T12:34:23+08:00 ] 183.221.100.254 /index.php?m=&c=PayWechat&a=add
INFO: [ app_init ] --START--
INFO: Run Behavior\BuildLiteBehavior [ RunTime:0.000007s ]
INFO: [ app_init ] --END-- [ RunTime:0.000206s ]

[ 2017-03-29T12:34:33+08:00 ] 101.226.66.180 /index.php?m=&c=PayWechat&a=add
INFO: [ app_init ] --START--
INFO: Run Behavior\BuildLiteBehavior [ RunTime:0.000021s ]
INFO: [ app_init ] --END-- [ RunTime:0.000225s ]

[ 2017-03-29T12:35:18+08:00 ] 183.221.100.254 /index.php?m=&c=PayWechat&a=update
INFO: [ app_init ] --START--
INFO: Run Behavior\BuildLiteBehavior [ RunTime:0.000009s ]
INFO: [ app_init ] --END-- [ RunTime:0.000310s ]

[ 2017-03-29T12:35:19+08:00 ] 183.221.100.254 /index.php?m=&c=PayWechat&a=index
INFO: [ app_init ] --START--
INFO: Run Behavior\BuildLiteBehavior [ RunTime:0.000006s ]
INFO: [ app_init ] --END-- [ RunTime:0.000201s ]

[ 2017-03-29T12:35:28+08:00 ] 140.207.185.112 /index.php?m=&c=PayWechat&a=update
INFO: [ app_init ] --START--
INFO: Run Behavior\BuildLiteBehavior [ RunTime:0.000008s ]
INFO: [ app_init ] --END-- [ RunTime:0.000265s ]

[ 2017-03-29T12:42:51+08:00 ] 183.221.100.254 /index.php?m=&c=PayWechat&a=quick_update
INFO: [ app_init ] --START--
INFO: Run Behavior\BuildLiteBehavior [ RunTime:0.000007s ]
INFO: [ app_init ] --END-- [ RunTime:0.000219s ]

[ 2017-03-29T12:42:51+08:00 ] 183.221.100.254 /favicon.ico
INFO: [ app_init ] --START--
INFO: Run Behavior\BuildLiteBehavior [ RunTime:0.000007s ]
INFO: [ app_init ] --END-- [ RunTime:0.000203s ]

[ 2017-03-29T12:42:57+08:00 ] 183.221.100.254 /index.php?m=&c=PayWechat&a=edit&id=3
INFO: [ app_init ] --START--
INFO: Run Behavior\BuildLiteBehavior [ RunTime:0.000008s ]
INFO: [ app_init ] --END-- [ RunTime:0.000226s ]

[ 2017-03-29T12:43:00+08:00 ] 183.221.100.254 /index.php?m=&c=PayWechat&a=update
INFO: [ app_init ] --START--
INFO: Run Behavior\BuildLiteBehavior [ RunTime:0.000007s ]
INFO: [ app_init ] --END-- [ RunTime:0.000198s ]
DEBUG: pay-wechat:"<!DOCTYPE HTML PUBLIC \"-\/\/IETF\/\/DTD HTML 2.0\/\/EN\">\r\n<html>\r\n<head><title>404 Not Found<\/title><\/head>\r\n<body bgcolor=\"white\">\r\n<h1>404 Not Found<\/h1>\r\n<p>The requested URL was not found on this server. Sorry for the inconvenience.<br\/>\r\nPlease report this message and include the following information to us.<br\/>\r\nThank you very much!<\/p>\r\n<table>\r\n<tr>\r\n<td>URL:<\/td>\r\n<td>http:\/\/movie.yqhuakun.com\/index.php\/index\/admin\/site_pay_url?&amp;app_id=1000000001&amp;url=1&amp;sign=086716d499839e53d619bd0ea8c49bcd<\/td>\r\n<\/tr>\r\n<tr>\r\n<td>Server:<\/td>\r\n<td>vm_54_33_centos<\/td>\r\n<\/tr>\r\n<tr>\r\n<td>Date:<\/td>\r\n<td>2017\/03\/29 12:43:00<\/td>\r\n<\/tr>\r\n<\/table>\r\n<hr\/>Powered by Tengine<\/body>\r\n<\/html>\r\n"

[ 2017-03-29T12:43:01+08:00 ] 180.153.206.17 /index.php?m=&c=PayWechat&a=quick_update
INFO: [ app_init ] --START--
INFO: Run Behavior\BuildLiteBehavior [ RunTime:0.000007s ]
INFO: [ app_init ] --END-- [ RunTime:0.000224s ]

[ 2017-03-29T12:43:02+08:00 ] 183.221.100.254 /index.php?m=&c=PayWechat&a=index
INFO: [ app_init ] --START--
INFO: Run Behavior\BuildLiteBehavior [ RunTime:0.000007s ]
INFO: [ app_init ] --END-- [ RunTime:0.000196s ]

[ 2017-03-29T12:43:03+08:00 ] 101.226.66.181 /index.php?m=&c=paywechat&a=quick_update
INFO: [ app_init ] --START--
INFO: Run Behavior\BuildLiteBehavior [ RunTime:0.000007s ]
INFO: [ app_init ] --END-- [ RunTime:0.000263s ]
ERR: 无法加载控制器:Paywechat

[ 2017-03-29T12:43:04+08:00 ] 183.221.100.254 /index.php?m=&c=PayWechat&a=edit&id=2
INFO: [ app_init ] --START--
INFO: Run Behavior\BuildLiteBehavior [ RunTime:0.000006s ]
INFO: [ app_init ] --END-- [ RunTime:0.000195s ]

[ 2017-03-29T12:43:08+08:00 ] 183.221.100.254 /index.php?m=&c=PayWechat&a=update
INFO: [ app_init ] --START--
INFO: Run Behavior\BuildLiteBehavior [ RunTime:0.000006s ]
INFO: [ app_init ] --END-- [ RunTime:0.000199s ]

[ 2017-03-29T12:43:09+08:00 ] 180.153.205.254 /index.php?m=&c=paywechat&a=edit&id=3
INFO: [ app_init ] --START--
INFO: Run Behavior\BuildLiteBehavior [ RunTime:0.000007s ]
INFO: [ app_init ] --END-- [ RunTime:0.000210s ]
ERR: 无法加载控制器:Paywechat

[ 2017-03-29T12:43:09+08:00 ] 183.221.100.254 /index.php?m=&c=PayWechat&a=index
INFO: [ app_init ] --START--
INFO: Run Behavior\BuildLiteBehavior [ RunTime:0.000007s ]
INFO: [ app_init ] --END-- [ RunTime:0.000236s ]

[ 2017-03-29T12:43:14+08:00 ] 101.226.33.218 /index.php?m=&c=PayWechat&a=edit&id=2
INFO: [ app_init ] --START--
INFO: Run Behavior\BuildLiteBehavior [ RunTime:0.000007s ]
INFO: [ app_init ] --END-- [ RunTime:0.000216s ]

[ 2017-03-29T12:43:16+08:00 ] 101.226.66.178 /index.php?m=&c=paywechat&a=edit&id=2
INFO: [ app_init ] --START--
INFO: Run Behavior\BuildLiteBehavior [ RunTime:0.000006s ]
INFO: [ app_init ] --END-- [ RunTime:0.000197s ]
ERR: 无法加载控制器:Paywechat

[ 2017-03-29T12:43:29+08:00 ] 182.122.165.151 /index.php?m=&c=paywechat&a=edit&id=3
INFO: [ app_init ] --START--
INFO: Run Behavior\BuildLiteBehavior [ RunTime:0.000010s ]
INFO: [ app_init ] --END-- [ RunTime:0.000235s ]
ERR: 无法加载控制器:Paywechat

[ 2017-03-29T12:45:12+08:00 ] 122.190.2.42 /ln/cache/get_tghb.html
INFO: [ app_init ] --START--
INFO: Run Behavior\BuildLiteBehavior [ RunTime:0.000007s ]
INFO: [ app_init ] --END-- [ RunTime:0.000284s ]
ERR: 无法加载控制器:Cache

[ 2017-03-29T12:45:13+08:00 ] 122.190.2.42 /ln/cache/get_tghb.html
INFO: [ app_init ] --START--
INFO: Run Behavior\BuildLiteBehavior [ RunTime:0.000007s ]
INFO: [ app_init ] --END-- [ RunTime:0.000207s ]
ERR: 无法加载控制器:Cache

[ 2017-03-29T12:46:42+08:00 ] 122.190.2.72 /ln/cache/get_tghb.html
INFO: [ app_init ] --START--
INFO: Run Behavior\BuildLiteBehavior [ RunTime:0.000006s ]
INFO: [ app_init ] --END-- [ RunTime:0.000232s ]
ERR: 无法加载控制器:Cache

[ 2017-03-29T13:12:12+08:00 ] 122.190.2.12 /favicon.ico
INFO: [ app_init ] --START--
INFO: Run Behavior\BuildLiteBehavior [ RunTime:0.000007s ]
INFO: [ app_init ] --END-- [ RunTime:0.000225s ]

[ 2017-03-29T13:12:13+08:00 ] 122.190.2.12 /
INFO: [ app_init ] --START--
INFO: Run Behavior\BuildLiteBehavior [ RunTime:0.000007s ]
INFO: [ app_init ] --END-- [ RunTime:0.000236s ]

[ 2017-03-29T13:12:13+08:00 ] 122.190.2.12 /index.php?m=&c=login&a=verify
INFO: [ app_init ] --START--
INFO: Run Behavior\BuildLiteBehavior [ RunTime:0.000007s ]
INFO: [ app_init ] --END-- [ RunTime:0.000240s ]

[ 2017-03-29T13:12:23+08:00 ] 117.34.13.84 /
INFO: [ app_init ] --START--
INFO: Run Behavior\BuildLiteBehavior [ RunTime:0.000006s ]
INFO: [ app_init ] --END-- [ RunTime:0.000199s ]

[ 2017-03-29T13:46:33+08:00 ] 183.221.100.254 /index.php?m=&c=PayWechat&a=edit&id=2
INFO: [ app_init ] --START--
INFO: Run Behavior\BuildLiteBehavior [ RunTime:0.000006s ]
INFO: [ app_init ] --END-- [ RunTime:0.000195s ]

[ 2017-03-29T13:46:39+08:00 ] 183.221.100.254 /index.php?m=&c=PayWechat&a=update
INFO: [ app_init ] --START--
INFO: Run Behavior\BuildLiteBehavior [ RunTime:0.000007s ]
INFO: [ app_init ] --END-- [ RunTime:0.000201s ]
DEBUG: pay-wechat:"<!DOCTYPE HTML PUBLIC \"-\/\/IETF\/\/DTD HTML 2.0\/\/EN\">\r\n<html>\r\n<head><title>404 Not Found<\/title><\/head>\r\n<body bgcolor=\"white\">\r\n<h1>404 Not Found<\/h1>\r\n<p>The requested URL was not found on this server. Sorry for the inconvenience.<br\/>\r\nPlease report this message and include the following information to us.<br\/>\r\nThank you very much!<\/p>\r\n<table>\r\n<tr>\r\n<td>URL:<\/td>\r\n<td>http:\/\/movie.yqhuakun.com\/index.php\/index\/admin\/site_pay_url?&amp;app_id=1000000001&amp;url=1&amp;sign=086716d499839e53d619bd0ea8c49bcd<\/td>\r\n<\/tr>\r\n<tr>\r\n<td>Server:<\/td>\r\n<td>vm_54_33_centos<\/td>\r\n<\/tr>\r\n<tr>\r\n<td>Date:<\/td>\r\n<td>2017\/03\/29 13:46:39<\/td>\r\n<\/tr>\r\n<\/table>\r\n<hr\/>Powered by Tengine<\/body>\r\n<\/html>\r\n"

[ 2017-03-29T13:46:40+08:00 ] 183.221.100.254 /index.php?m=&c=PayWechat&a=index
INFO: [ app_init ] --START--
INFO: Run Behavior\BuildLiteBehavior [ RunTime:0.000009s ]
INFO: [ app_init ] --END-- [ RunTime:0.000286s ]

[ 2017-03-29T14:31:06+08:00 ] 183.221.100.254 /index.php?m=&c=PayWechat&a=edit&id=3
INFO: [ app_init ] --START--
INFO: Run Behavior\BuildLiteBehavior [ RunTime:0.000006s ]
INFO: [ app_init ] --END-- [ RunTime:0.000227s ]

[ 2017-03-29T14:31:10+08:00 ] 183.221.100.254 /index.php?m=&c=login&a=index
INFO: [ app_init ] --START--
INFO: Run Behavior\BuildLiteBehavior [ RunTime:0.000007s ]
INFO: [ app_init ] --END-- [ RunTime:0.000215s ]

[ 2017-03-29T14:31:10+08:00 ] 183.221.100.254 /index.php?m=&c=login&a=verify
INFO: [ app_init ] --START--
INFO: Run Behavior\BuildLiteBehavior [ RunTime:0.000005s ]
INFO: [ app_init ] --END-- [ RunTime:0.000197s ]

[ 2017-03-29T14:31:19+08:00 ] 101.226.33.203 /index.php?m=&c=login&a=index
INFO: [ app_init ] --START--
INFO: Run Behavior\BuildLiteBehavior [ RunTime:0.000006s ]
INFO: [ app_init ] --END-- [ RunTime:0.000196s ]

[ 2017-03-29T14:31:24+08:00 ] 183.221.100.254 /index.php?m=&c=login&a=login
INFO: [ app_init ] --START--
INFO: Run Behavior\BuildLiteBehavior [ RunTime:0.000008s ]
INFO: [ app_init ] --END-- [ RunTime:0.000231s ]

[ 2017-03-29T14:31:24+08:00 ] 183.221.100.254 /index.php?m=Ln&c=Tg&a=index
INFO: [ app_init ] --START--
INFO: Run Behavior\BuildLiteBehavior [ RunTime:0.000008s ]
INFO: [ app_init ] --END-- [ RunTime:0.000213s ]

[ 2017-03-29T14:31:30+08:00 ] 183.221.100.254 /index.php?m=&c=PayWechat&a=index
INFO: [ app_init ] --START--
INFO: Run Behavior\BuildLiteBehavior [ RunTime:0.000007s ]
INFO: [ app_init ] --END-- [ RunTime:0.000205s ]

[ 2017-03-29T14:31:35+08:00 ] 183.221.100.254 /index.php?m=&c=PayWechat&a=edit&id=3
INFO: [ app_init ] --START--
INFO: Run Behavior\BuildLiteBehavior [ RunTime:0.000008s ]
INFO: [ app_init ] --END-- [ RunTime:0.000213s ]

[ 2017-03-29T14:31:36+08:00 ] 101.226.99.195 /index.php?m=ln&c=tg&a=index
INFO: [ app_init ] --START--
INFO: Run Behavior\BuildLiteBehavior [ RunTime:0.000006s ]
INFO: [ app_init ] --END-- [ RunTime:0.000198s ]

[ 2017-03-29T14:31:38+08:00 ] 183.221.100.254 /index.php?m=&c=PayWechat&a=update
INFO: [ app_init ] --START--
INFO: Run Behavior\BuildLiteBehavior [ RunTime:0.000007s ]
INFO: [ app_init ] --END-- [ RunTime:0.000202s ]
DEBUG: pay-wechat:"<!DOCTYPE HTML PUBLIC \"-\/\/IETF\/\/DTD HTML 2.0\/\/EN\">\r\n<html>\r\n<head><title>404 Not Found<\/title><\/head>\r\n<body bgcolor=\"white\">\r\n<h1>404 Not Found<\/h1>\r\n<p>The requested URL was not found on this server. Sorry for the inconvenience.<br\/>\r\nPlease report this message and include the following information to us.<br\/>\r\nThank you very much!<\/p>\r\n<table>\r\n<tr>\r\n<td>URL:<\/td>\r\n<td>http:\/\/movie.yqhuakun.com\/index.php\/index\/admin\/site_pay_url?&amp;app_id=1000000001&amp;url=1&amp;sign=086716d499839e53d619bd0ea8c49bcd<\/td>\r\n<\/tr>\r\n<tr>\r\n<td>Server:<\/td>\r\n<td>vm_54_33_centos<\/td>\r\n<\/tr>\r\n<tr>\r\n<td>Date:<\/td>\r\n<td>2017\/03\/29 14:31:38<\/td>\r\n<\/tr>\r\n<\/table>\r\n<hr\/>Powered by Tengine<\/body>\r\n<\/html>\r\n"

[ 2017-03-29T14:31:40+08:00 ] 183.221.100.254 /index.php?m=&c=PayWechat&a=index
INFO: [ app_init ] --START--
INFO: Run Behavior\BuildLiteBehavior [ RunTime:0.000009s ]
INFO: [ app_init ] --END-- [ RunTime:0.000213s ]

[ 2017-03-29T14:31:44+08:00 ] 183.221.100.254 /index.php?m=&c=PayWechat&a=edit&id=2
INFO: [ app_init ] --START--
INFO: Run Behavior\BuildLiteBehavior [ RunTime:0.000006s ]
INFO: [ app_init ] --END-- [ RunTime:0.000208s ]

[ 2017-03-29T14:31:47+08:00 ] 183.221.100.254 /index.php?m=&c=PayWechat&a=update
INFO: [ app_init ] --START--
INFO: Run Behavior\BuildLiteBehavior [ RunTime:0.000006s ]
INFO: [ app_init ] --END-- [ RunTime:0.000210s ]

[ 2017-03-29T14:31:48+08:00 ] 183.221.100.254 /index.php?m=&c=PayWechat&a=index
INFO: [ app_init ] --START--
INFO: Run Behavior\BuildLiteBehavior [ RunTime:0.000006s ]
INFO: [ app_init ] --END-- [ RunTime:0.000206s ]

[ 2017-03-29T15:10:31+08:00 ] 61.151.226.199 /
INFO: [ app_init ] --START--
INFO: Run Behavior\BuildLiteBehavior [ RunTime:0.000006s ]
INFO: [ app_init ] --END-- [ RunTime:0.000204s ]

[ 2017-03-29T15:43:32+08:00 ] 183.221.100.254 /index.php?m=&c=PayWechat&a=edit&id=3
INFO: [ app_init ] --START--
INFO: Run Behavior\BuildLiteBehavior [ RunTime:0.000006s ]
INFO: [ app_init ] --END-- [ RunTime:0.000251s ]

[ 2017-03-29T15:43:33+08:00 ] 183.221.100.254 /favicon.ico
INFO: [ app_init ] --START--
INFO: Run Behavior\BuildLiteBehavior [ RunTime:0.000007s ]
INFO: [ app_init ] --END-- [ RunTime:0.000205s ]

[ 2017-03-29T15:43:41+08:00 ] 101.226.66.174 /index.php?m=&c=PayWechat&a=edit&id=3
INFO: [ app_init ] --START--
INFO: Run Behavior\BuildLiteBehavior [ RunTime:0.000008s ]
INFO: [ app_init ] --END-- [ RunTime:0.000276s ]

[ 2017-03-29T15:59:37+08:00 ] 183.57.53.177 /index.php?m%3D%26c%3DPayWechat%26a%3Dedit%26id%3D2
INFO: [ app_init ] --START--
INFO: Run Behavior\BuildLiteBehavior [ RunTime:0.000009s ]
INFO: [ app_init ] --END-- [ RunTime:0.000287s ]

[ 2017-03-29T15:59:46+08:00 ] 180.153.214.189 /index.php?m%3D%26c%3DPayWechat%26a%3Dedit%26id%3D2
INFO: [ app_init ] --START--
INFO: Run Behavior\BuildLiteBehavior [ RunTime:0.000007s ]
INFO: [ app_init ] --END-- [ RunTime:0.000207s ]

[ 2017-03-29T16:02:39+08:00 ] 117.34.13.36 /index.php?m%3D%26c%3Dlogin%26a%3Dverify
INFO: [ app_init ] --START--
INFO: Run Behavior\BuildLiteBehavior [ RunTime:0.000007s ]
INFO: [ app_init ] --END-- [ RunTime:0.000268s ]

[ 2017-03-29T16:25:22+08:00 ] 172.68.10.239 /robots.txt
INFO: [ app_init ] --START--
INFO: Run Behavior\BuildLiteBehavior [ RunTime:0.000007s ]
INFO: [ app_init ] --END-- [ RunTime:0.000219s ]
ERR: 无法加载控制器:Robots.txt

[ 2017-03-29T18:07:07+08:00 ] 171.221.143.159 /
INFO: [ app_init ] --START--
INFO: Run Behavior\BuildLiteBehavior [ RunTime:0.000022s ]
INFO: [ app_init ] --END-- [ RunTime:0.000221s ]

[ 2017-03-29T18:07:07+08:00 ] 171.221.143.159 /index.php?m=&c=login&a=verify
INFO: [ app_init ] --START--
INFO: Run Behavior\BuildLiteBehavior [ RunTime:0.000007s ]
INFO: [ app_init ] --END-- [ RunTime:0.000212s ]

[ 2017-03-29T18:07:08+08:00 ] 171.221.143.159 /favicon.ico
INFO: [ app_init ] --START--
INFO: Run Behavior\BuildLiteBehavior [ RunTime:0.000007s ]
INFO: [ app_init ] --END-- [ RunTime:0.000248s ]

[ 2017-03-29T18:07:31+08:00 ] 171.221.143.159 /index.php?m=&c=login&a=login
INFO: [ app_init ] --START--
INFO: Run Behavior\BuildLiteBehavior [ RunTime:0.000007s ]
INFO: [ app_init ] --END-- [ RunTime:0.000217s ]

[ 2017-03-29T18:07:31+08:00 ] 171.221.143.159 /index.php?m=Ln&c=Tg&a=index
INFO: [ app_init ] --START--
INFO: Run Behavior\BuildLiteBehavior [ RunTime:0.000009s ]
INFO: [ app_init ] --END-- [ RunTime:0.000318s ]

[ 2017-03-29T18:07:38+08:00 ] 171.221.143.159 /index.php?m=&c=PayWechat&a=index
INFO: [ app_init ] --START--
INFO: Run Behavior\BuildLiteBehavior [ RunTime:0.000008s ]
INFO: [ app_init ] --END-- [ RunTime:0.000271s ]

[ 2017-03-29T18:07:42+08:00 ] 171.221.143.159 /index.php?m=&c=PayWechat&a=edit&id=2
INFO: [ app_init ] --START--
INFO: Run Behavior\BuildLiteBehavior [ RunTime:0.000006s ]
INFO: [ app_init ] --END-- [ RunTime:0.000216s ]

[ 2017-03-29T18:07:51+08:00 ] 171.221.143.159 /index.php?m=&c=PayWechat&a=update
INFO: [ app_init ] --START--
INFO: Run Behavior\BuildLiteBehavior [ RunTime:0.000007s ]
INFO: [ app_init ] --END-- [ RunTime:0.000223s ]
DEBUG: pay-wechat:"<!DOCTYPE HTML PUBLIC \"-\/\/IETF\/\/DTD HTML 2.0\/\/EN\">\r\n<html>\r\n<head><title>404 Not Found<\/title><\/head>\r\n<body bgcolor=\"white\">\r\n<h1>404 Not Found<\/h1>\r\n<p>The requested URL was not found on this server. Sorry for the inconvenience.<br\/>\r\nPlease report this message and include the following information to us.<br\/>\r\nThank you very much!<\/p>\r\n<table>\r\n<tr>\r\n<td>URL:<\/td>\r\n<td>http:\/\/movie.yqhuakun.com\/index.php\/index\/admin\/site_pay_url?&amp;app_id=1000000001&amp;url=1&amp;sign=086716d499839e53d619bd0ea8c49bcd<\/td>\r\n<\/tr>\r\n<tr>\r\n<td>Server:<\/td>\r\n<td>vm_54_33_centos<\/td>\r\n<\/tr>\r\n<tr>\r\n<td>Date:<\/td>\r\n<td>2017\/03\/29 18:07:51<\/td>\r\n<\/tr>\r\n<\/table>\r\n<hr\/>Powered by Tengine<\/body>\r\n<\/html>\r\n"

[ 2017-03-29T18:07:53+08:00 ] 171.221.143.159 /index.php?m=&c=PayWechat&a=index
INFO: [ app_init ] --START--
INFO: Run Behavior\BuildLiteBehavior [ RunTime:0.000010s ]
INFO: [ app_init ] --END-- [ RunTime:0.000307s ]

[ 2017-03-29T18:09:46+08:00 ] 117.139.128.168 /index.php?m=&c=PayWechat&a=index
INFO: [ app_init ] --START--
INFO: Run Behavior\BuildLiteBehavior [ RunTime:0.000009s ]
INFO: [ app_init ] --END-- [ RunTime:0.000292s ]

[ 2017-03-29T18:09:47+08:00 ] 117.139.128.168 /favicon.ico
INFO: [ app_init ] --START--
INFO: Run Behavior\BuildLiteBehavior [ RunTime:0.000008s ]
INFO: [ app_init ] --END-- [ RunTime:0.000206s ]

[ 2017-03-29T18:09:48+08:00 ] 117.139.128.168 /index.php?m=&c=login&a=index
INFO: [ app_init ] --START--
INFO: Run Behavior\BuildLiteBehavior [ RunTime:0.000007s ]
INFO: [ app_init ] --END-- [ RunTime:0.000194s ]

[ 2017-03-29T18:09:48+08:00 ] 117.139.128.168 /index.php?m=&c=login&a=verify
INFO: [ app_init ] --START--
INFO: Run Behavior\BuildLiteBehavior [ RunTime:0.000006s ]
INFO: [ app_init ] --END-- [ RunTime:0.000199s ]

[ 2017-03-29T18:10:00+08:00 ] 140.207.185.112 /index.php?m=&c=login&a=index
INFO: [ app_init ] --START--
INFO: Run Behavior\BuildLiteBehavior [ RunTime:0.000006s ]
INFO: [ app_init ] --END-- [ RunTime:0.000240s ]

[ 2017-03-29T18:10:01+08:00 ] 117.139.128.168 /index.php?m=&c=login&a=login
INFO: [ app_init ] --START--
INFO: Run Behavior\BuildLiteBehavior [ RunTime:0.000007s ]
INFO: [ app_init ] --END-- [ RunTime:0.000219s ]

[ 2017-03-29T18:10:01+08:00 ] 117.139.128.168 /index.php?m=Ln&c=Tg&a=index
INFO: [ app_init ] --START--
INFO: Run Behavior\BuildLiteBehavior [ RunTime:0.000006s ]
INFO: [ app_init ] --END-- [ RunTime:0.000211s ]

[ 2017-03-29T18:10:12+08:00 ] 117.139.128.168 /index.php?m=&c=PayWechat&a=index
INFO: [ app_init ] --START--
INFO: Run Behavior\BuildLiteBehavior [ RunTime:0.000006s ]
INFO: [ app_init ] --END-- [ RunTime:0.000201s ]

[ 2017-03-29T18:10:51+08:00 ] 117.139.128.168 /index.php?m=&c=PayWechat&a=index
INFO: [ app_init ] --START--
INFO: Run Behavior\BuildLiteBehavior [ RunTime:0.000007s ]
INFO: [ app_init ] --END-- [ RunTime:0.000208s ]

[ 2017-03-29T19:25:38+08:00 ] 116.31.126.101 /index.php?m%253D%2526c%253Dlogin%2526a%253Dverify
INFO: [ app_init ] --START--
INFO: Run Behavior\BuildLiteBehavior [ RunTime:0.000009s ]
INFO: [ app_init ] --END-- [ RunTime:0.000249s ]

[ 2017-03-29T19:25:47+08:00 ] 117.34.13.36 /index.php?m%253D%2526c%253Dlogin%2526a%253Dverify
INFO: [ app_init ] --START--
INFO: Run Behavior\BuildLiteBehavior [ RunTime:0.000007s ]
INFO: [ app_init ] --END-- [ RunTime:0.000243s ]

[ 2017-03-29T19:56:18+08:00 ] 117.139.128.168 /index.php?m=&c=PayWechat&a=index
INFO: [ app_init ] --START--
INFO: Run Behavior\BuildLiteBehavior [ RunTime:0.000008s ]
INFO: [ app_init ] --END-- [ RunTime:0.000205s ]

[ 2017-03-29T19:56:26+08:00 ] 117.139.128.168 /index.php?m=&c=PayWechat&a=edit&id=3
INFO: [ app_init ] --START--
INFO: Run Behavior\BuildLiteBehavior [ RunTime:0.000007s ]
INFO: [ app_init ] --END-- [ RunTime:0.000220s ]

[ 2017-03-29T19:56:31+08:00 ] 117.139.128.168 /index.php?m=&c=PayWechat&a=update
INFO: [ app_init ] --START--
INFO: Run Behavior\BuildLiteBehavior [ RunTime:0.000006s ]
INFO: [ app_init ] --END-- [ RunTime:0.000199s ]
DEBUG: pay-wechat:"<!DOCTYPE HTML PUBLIC \"-\/\/IETF\/\/DTD HTML 2.0\/\/EN\">\r\n<html>\r\n<head><title>404 Not Found<\/title><\/head>\r\n<body bgcolor=\"white\">\r\n<h1>404 Not Found<\/h1>\r\n<p>The requested URL was not found on this server. Sorry for the inconvenience.<br\/>\r\nPlease report this message and include the following information to us.<br\/>\r\nThank you very much!<\/p>\r\n<table>\r\n<tr>\r\n<td>URL:<\/td>\r\n<td>http:\/\/movie.yqhuakun.com\/index.php\/index\/admin\/site_pay_url?&amp;app_id=1000000001&amp;url=1&amp;sign=086716d499839e53d619bd0ea8c49bcd<\/td>\r\n<\/tr>\r\n<tr>\r\n<td>Server:<\/td>\r\n<td>vm_54_33_centos<\/td>\r\n<\/tr>\r\n<tr>\r\n<td>Date:<\/td>\r\n<td>2017\/03\/29 19:56:31<\/td>\r\n<\/tr>\r\n<\/table>\r\n<hr\/>Powered by Tengine<\/body>\r\n<\/html>\r\n"

[ 2017-03-29T19:56:33+08:00 ] 117.139.128.168 /index.php?m=&c=PayWechat&a=index
INFO: [ app_init ] --START--
INFO: Run Behavior\BuildLiteBehavior [ RunTime:0.000007s ]
INFO: [ app_init ] --END-- [ RunTime:0.000203s ]

[ 2017-03-29T19:56:38+08:00 ] 117.139.128.168 /index.php?m=&c=PayWechat&a=edit&id=2
INFO: [ app_init ] --START--
INFO: Run Behavior\BuildLiteBehavior [ RunTime:0.000009s ]
INFO: [ app_init ] --END-- [ RunTime:0.000259s ]

[ 2017-03-29T19:56:42+08:00 ] 117.139.128.168 /index.php?m=&c=PayWechat&a=update
INFO: [ app_init ] --START--
INFO: Run Behavior\BuildLiteBehavior [ RunTime:0.000007s ]
INFO: [ app_init ] --END-- [ RunTime:0.000255s ]

[ 2017-03-29T19:56:44+08:00 ] 117.139.128.168 /index.php?m=&c=PayWechat&a=index
INFO: [ app_init ] --START--
INFO: Run Behavior\BuildLiteBehavior [ RunTime:0.000008s ]
INFO: [ app_init ] --END-- [ RunTime:0.000211s ]

[ 2017-03-29T22:35:55+08:00 ] 119.147.207.158 /
INFO: [ app_init ] --START--
INFO: Run Behavior\BuildLiteBehavior [ RunTime:0.000007s ]
INFO: [ app_init ] --END-- [ RunTime:0.000223s ]

[ 2017-03-29T23:03:26+08:00 ] 110.184.69.21 /
INFO: [ app_init ] --START--
INFO: Run Behavior\BuildLiteBehavior [ RunTime:0.000006s ]
INFO: [ app_init ] --END-- [ RunTime:0.000209s ]

[ 2017-03-29T23:03:26+08:00 ] 110.184.69.21 /index.php?m=&c=login&a=verify
INFO: [ app_init ] --START--
INFO: Run Behavior\BuildLiteBehavior [ RunTime:0.000006s ]
INFO: [ app_init ] --END-- [ RunTime:0.000198s ]

[ 2017-03-29T23:03:26+08:00 ] 110.184.69.21 /favicon.ico
INFO: [ app_init ] --START--
INFO: Run Behavior\BuildLiteBehavior [ RunTime:0.000007s ]
INFO: [ app_init ] --END-- [ RunTime:0.000207s ]

[ 2017-03-29T23:03:35+08:00 ] 110.184.69.21 /index.php?m=&c=login&a=login
INFO: [ app_init ] --START--
INFO: Run Behavior\BuildLiteBehavior [ RunTime:0.000007s ]
INFO: [ app_init ] --END-- [ RunTime:0.000277s ]

[ 2017-03-29T23:03:35+08:00 ] 110.184.69.21 /index.php?m=Ln&c=Tg&a=index
INFO: [ app_init ] --START--
INFO: Run Behavior\BuildLiteBehavior [ RunTime:0.000007s ]
INFO: [ app_init ] --END-- [ RunTime:0.000216s ]

[ 2017-03-29T23:04:09+08:00 ] 110.184.69.21 /index.php?m=&c=PayWechat&a=index
INFO: [ app_init ] --START--
INFO: Run Behavior\BuildLiteBehavior [ RunTime:0.000006s ]
INFO: [ app_init ] --END-- [ RunTime:0.000262s ]

[ 2017-03-29T23:04:14+08:00 ] 110.184.69.21 /index.php?m=&c=PayWechat&a=edit&id=3
INFO: [ app_init ] --START--
INFO: Run Behavior\BuildLiteBehavior [ RunTime:0.000008s ]
INFO: [ app_init ] --END-- [ RunTime:0.000255s ]

[ 2017-03-29T23:05:32+08:00 ] 110.184.69.21 /index.php?m=&c=PayWechat&a=edit&id=3
INFO: [ app_init ] --START--
INFO: Run Behavior\BuildLiteBehavior [ RunTime:0.000007s ]
INFO: [ app_init ] --END-- [ RunTime:0.000214s ]

[ 2017-03-29T23:05:49+08:00 ] 110.184.69.21 /index.php?m=&c=PayWechat&a=edit&id=2
INFO: [ app_init ] --START--
INFO: Run Behavior\BuildLiteBehavior [ RunTime:0.000007s ]
INFO: [ app_init ] --END-- [ RunTime:0.000201s ]

[ 2017-03-29T23:05:52+08:00 ] 110.184.69.21 /index.php?m=&c=PayWechat&a=update
INFO: [ app_init ] --START--
INFO: Run Behavior\BuildLiteBehavior [ RunTime:0.000006s ]
INFO: [ app_init ] --END-- [ RunTime:0.000201s ]
DEBUG: pay-wechat:"<!DOCTYPE HTML PUBLIC \"-\/\/IETF\/\/DTD HTML 2.0\/\/EN\">\r\n<html>\r\n<head><title>404 Not Found<\/title><\/head>\r\n<body bgcolor=\"white\">\r\n<h1>404 Not Found<\/h1>\r\n<p>The requested URL was not found on this server. Sorry for the inconvenience.<br\/>\r\nPlease report this message and include the following information to us.<br\/>\r\nThank you very much!<\/p>\r\n<table>\r\n<tr>\r\n<td>URL:<\/td>\r\n<td>http:\/\/movie.yqhuakun.com\/index.php\/index\/admin\/site_pay_url?&amp;app_id=1000000001&amp;url=1&amp;sign=086716d499839e53d619bd0ea8c49bcd<\/td>\r\n<\/tr>\r\n<tr>\r\n<td>Server:<\/td>\r\n<td>vm_54_33_centos<\/td>\r\n<\/tr>\r\n<tr>\r\n<td>Date:<\/td>\r\n<td>2017\/03\/29 23:05:52<\/td>\r\n<\/tr>\r\n<\/table>\r\n<hr\/>Powered by Tengine<\/body>\r\n<\/html>\r\n"

[ 2017-03-29T23:05:53+08:00 ] 110.184.69.21 /index.php?m=&c=PayWechat&a=index
INFO: [ app_init ] --START--
INFO: Run Behavior\BuildLiteBehavior [ RunTime:0.000006s ]
INFO: [ app_init ] --END-- [ RunTime:0.000209s ]

[ 2017-03-29T23:06:36+08:00 ] 110.184.69.21 /index.php?m=&c=PayWechat&a=edit&id=3
INFO: [ app_init ] --START--
INFO: Run Behavior\BuildLiteBehavior [ RunTime:0.000007s ]
INFO: [ app_init ] --END-- [ RunTime:0.000207s ]

[ 2017-03-29T23:06:41+08:00 ] 110.184.69.21 /index.php?m=&c=PayWechat&a=update
INFO: [ app_init ] --START--
INFO: Run Behavior\BuildLiteBehavior [ RunTime:0.000006s ]
INFO: [ app_init ] --END-- [ RunTime:0.000205s ]
DEBUG: pay-wechat:"<!DOCTYPE HTML PUBLIC \"-\/\/IETF\/\/DTD HTML 2.0\/\/EN\">\r\n<html>\r\n<head><title>404 Not Found<\/title><\/head>\r\n<body bgcolor=\"white\">\r\n<h1>404 Not Found<\/h1>\r\n<p>The requested URL was not found on this server. Sorry for the inconvenience.<br\/>\r\nPlease report this message and include the following information to us.<br\/>\r\nThank you very much!<\/p>\r\n<table>\r\n<tr>\r\n<td>URL:<\/td>\r\n<td>http:\/\/movie.yqhuakun.com\/index.php\/index\/admin\/site_pay_url?&amp;app_id=1000000001&amp;url=1&amp;sign=086716d499839e53d619bd0ea8c49bcd<\/td>\r\n<\/tr>\r\n<tr>\r\n<td>Server:<\/td>\r\n<td>vm_54_33_centos<\/td>\r\n<\/tr>\r\n<tr>\r\n<td>Date:<\/td>\r\n<td>2017\/03\/29 23:06:41<\/td>\r\n<\/tr>\r\n<\/table>\r\n<hr\/>Powered by Tengine<\/body>\r\n<\/html>\r\n"

[ 2017-03-29T23:06:42+08:00 ] 110.184.69.21 /index.php?m=&c=PayWechat&a=index
INFO: [ app_init ] --START--
INFO: Run Behavior\BuildLiteBehavior [ RunTime:0.000008s ]
INFO: [ app_init ] --END-- [ RunTime:0.000251s ]

[ 2017-03-29T23:06:45+08:00 ] 110.184.69.21 /index.php?m=&c=PayWechat&a=edit&id=2
INFO: [ app_init ] --START--
INFO: Run Behavior\BuildLiteBehavior [ RunTime:0.000007s ]
INFO: [ app_init ] --END-- [ RunTime:0.000201s ]

[ 2017-03-29T23:06:48+08:00 ] 110.184.69.21 /index.php?m=&c=PayWechat&a=update
INFO: [ app_init ] --START--
INFO: Run Behavior\BuildLiteBehavior [ RunTime:0.000006s ]
INFO: [ app_init ] --END-- [ RunTime:0.000211s ]

[ 2017-03-29T23:06:49+08:00 ] 110.184.69.21 /index.php?m=&c=PayWechat&a=index
INFO: [ app_init ] --START--
INFO: Run Behavior\BuildLiteBehavior [ RunTime:0.000007s ]
INFO: [ app_init ] --END-- [ RunTime:0.000222s ]

[ 2017-03-29T23:08:28+08:00 ] 110.184.69.21 /index.php?m=&c=PayWechat&a=edit&id=2
INFO: [ app_init ] --START--
INFO: Run Behavior\BuildLiteBehavior [ RunTime:0.000007s ]
INFO: [ app_init ] --END-- [ RunTime:0.000275s ]

[ 2017-03-29T23:08:31+08:00 ] 110.184.69.21 /index.php?m=&c=PayWechat&a=update
INFO: [ app_init ] --START--
INFO: Run Behavior\BuildLiteBehavior [ RunTime:0.000010s ]
INFO: [ app_init ] --END-- [ RunTime:0.000303s ]
DEBUG: pay-wechat:"<!DOCTYPE HTML PUBLIC \"-\/\/IETF\/\/DTD HTML 2.0\/\/EN\">\r\n<html>\r\n<head><title>404 Not Found<\/title><\/head>\r\n<body bgcolor=\"white\">\r\n<h1>404 Not Found<\/h1>\r\n<p>The requested URL was not found on this server. Sorry for the inconvenience.<br\/>\r\nPlease report this message and include the following information to us.<br\/>\r\nThank you very much!<\/p>\r\n<table>\r\n<tr>\r\n<td>URL:<\/td>\r\n<td>http:\/\/movie.yqhuakun.com\/index.php\/index\/admin\/site_pay_url?&amp;app_id=1000000001&amp;url=1&amp;sign=086716d499839e53d619bd0ea8c49bcd<\/td>\r\n<\/tr>\r\n<tr>\r\n<td>Server:<\/td>\r\n<td>vm_54_33_centos<\/td>\r\n<\/tr>\r\n<tr>\r\n<td>Date:<\/td>\r\n<td>2017\/03\/29 23:08:31<\/td>\r\n<\/tr>\r\n<\/table>\r\n<hr\/>Powered by Tengine<\/body>\r\n<\/html>\r\n"

[ 2017-03-29T23:08:32+08:00 ] 110.184.69.21 /index.php?m=&c=PayWechat&a=index
INFO: [ app_init ] --START--
INFO: Run Behavior\BuildLiteBehavior [ RunTime:0.000006s ]
INFO: [ app_init ] --END-- [ RunTime:0.000195s ]

[ 2017-03-29T23:11:18+08:00 ] 110.184.69.21 /index.php?m=&c=PayWechat&a=edit&id=3
INFO: [ app_init ] --START--
INFO: Run Behavior\BuildLiteBehavior [ RunTime:0.000007s ]
INFO: [ app_init ] --END-- [ RunTime:0.000204s ]

[ 2017-03-29T23:11:21+08:00 ] 110.184.69.21 /index.php?m=&c=PayWechat&a=update
INFO: [ app_init ] --START--
INFO: Run Behavior\BuildLiteBehavior [ RunTime:0.000008s ]
INFO: [ app_init ] --END-- [ RunTime:0.000205s ]
DEBUG: pay-wechat:"<!DOCTYPE HTML PUBLIC \"-\/\/IETF\/\/DTD HTML 2.0\/\/EN\">\r\n<html>\r\n<head><title>404 Not Found<\/title><\/head>\r\n<body bgcolor=\"white\">\r\n<h1>404 Not Found<\/h1>\r\n<p>The requested URL was not found on this server. Sorry for the inconvenience.<br\/>\r\nPlease report this message and include the following information to us.<br\/>\r\nThank you very much!<\/p>\r\n<table>\r\n<tr>\r\n<td>URL:<\/td>\r\n<td>http:\/\/movie.yqhuakun.com\/index.php\/index\/admin\/site_pay_url?&amp;app_id=1000000001&amp;url=1&amp;sign=086716d499839e53d619bd0ea8c49bcd<\/td>\r\n<\/tr>\r\n<tr>\r\n<td>Server:<\/td>\r\n<td>vm_54_33_centos<\/td>\r\n<\/tr>\r\n<tr>\r\n<td>Date:<\/td>\r\n<td>2017\/03\/29 23:11:21<\/td>\r\n<\/tr>\r\n<\/table>\r\n<hr\/>Powered by Tengine<\/body>\r\n<\/html>\r\n"

[ 2017-03-29T23:11:22+08:00 ] 110.184.69.21 /index.php?m=&c=PayWechat&a=index
INFO: [ app_init ] --START--
INFO: Run Behavior\BuildLiteBehavior [ RunTime:0.000007s ]
INFO: [ app_init ] --END-- [ RunTime:0.000226s ]

[ 2017-03-29T23:13:53+08:00 ] 110.184.69.21 /index.php?m=&c=PayWechat&a=edit&id=3
INFO: [ app_init ] --START--
INFO: Run Behavior\BuildLiteBehavior [ RunTime:0.000006s ]
INFO: [ app_init ] --END-- [ RunTime:0.000217s ]

[ 2017-03-29T23:14:58+08:00 ] 110.184.69.21 /index.php?m=&c=PayWechat&a=edit&id=2
INFO: [ app_init ] --START--
INFO: Run Behavior\BuildLiteBehavior [ RunTime:0.000007s ]
INFO: [ app_init ] --END-- [ RunTime:0.000205s ]

[ 2017-03-29T23:23:44+08:00 ] 110.184.69.21 /index.php?m=&c=PayWechat&a=edit&id=3
INFO: [ app_init ] --START--
INFO: Run Behavior\BuildLiteBehavior [ RunTime:0.000007s ]
INFO: [ app_init ] --END-- [ RunTime:0.000218s ]

[ 2017-03-29T23:24:24+08:00 ] 110.184.69.21 /index.php?m=&c=PayWechat&a=update
INFO: [ app_init ] --START--
INFO: Run Behavior\BuildLiteBehavior [ RunTime:0.000007s ]
INFO: [ app_init ] --END-- [ RunTime:0.000218s ]
DEBUG: pay-wechat:"<!DOCTYPE HTML PUBLIC \"-\/\/IETF\/\/DTD HTML 2.0\/\/EN\">\r\n<html>\r\n<head><title>404 Not Found<\/title><\/head>\r\n<body bgcolor=\"white\">\r\n<h1>404 Not Found<\/h1>\r\n<p>The requested URL was not found on this server. Sorry for the inconvenience.<br\/>\r\nPlease report this message and include the following information to us.<br\/>\r\nThank you very much!<\/p>\r\n<table>\r\n<tr>\r\n<td>URL:<\/td>\r\n<td>http:\/\/movie.yqhuakun.com\/index.php\/index\/admin\/site_pay_url?&amp;app_id=1000000001&amp;url=1&amp;sign=086716d499839e53d619bd0ea8c49bcd<\/td>\r\n<\/tr>\r\n<tr>\r\n<td>Server:<\/td>\r\n<td>vm_54_33_centos<\/td>\r\n<\/tr>\r\n<tr>\r\n<td>Date:<\/td>\r\n<td>2017\/03\/29 23:24:24<\/td>\r\n<\/tr>\r\n<\/table>\r\n<hr\/>Powered by Tengine<\/body>\r\n<\/html>\r\n"

[ 2017-03-29T23:24:25+08:00 ] 110.184.69.21 /index.php?m=&c=PayWechat&a=index
INFO: [ app_init ] --START--
INFO: Run Behavior\BuildLiteBehavior [ RunTime:0.000006s ]
INFO: [ app_init ] --END-- [ RunTime:0.000267s ]

[ 2017-03-29T23:25:37+08:00 ] 110.184.69.21 /index.php?m=&c=PayWechat&a=edit&id=2
INFO: [ app_init ] --START--
INFO: Run Behavior\BuildLiteBehavior [ RunTime:0.000006s ]
INFO: [ app_init ] --END-- [ RunTime:0.000218s ]

[ 2017-03-29T23:25:39+08:00 ] 110.184.69.21 /index.php?m=&c=PayWechat&a=update
INFO: [ app_init ] --START--
INFO: Run Behavior\BuildLiteBehavior [ RunTime:0.000009s ]
INFO: [ app_init ] --END-- [ RunTime:0.000229s ]
DEBUG: pay-wechat:"<!DOCTYPE HTML PUBLIC \"-\/\/IETF\/\/DTD HTML 2.0\/\/EN\">\r\n<html>\r\n<head><title>404 Not Found<\/title><\/head>\r\n<body bgcolor=\"white\">\r\n<h1>404 Not Found<\/h1>\r\n<p>The requested URL was not found on this server. Sorry for the inconvenience.<br\/>\r\nPlease report this message and include the following information to us.<br\/>\r\nThank you very much!<\/p>\r\n<table>\r\n<tr>\r\n<td>URL:<\/td>\r\n<td>http:\/\/movie.yqhuakun.com\/index.php\/index\/admin\/site_pay_url?&amp;app_id=1000000001&amp;url=1&amp;sign=086716d499839e53d619bd0ea8c49bcd<\/td>\r\n<\/tr>\r\n<tr>\r\n<td>Server:<\/td>\r\n<td>vm_54_33_centos<\/td>\r\n<\/tr>\r\n<tr>\r\n<td>Date:<\/td>\r\n<td>2017\/03\/29 23:25:39<\/td>\r\n<\/tr>\r\n<\/table>\r\n<hr\/>Powered by Tengine<\/body>\r\n<\/html>\r\n"

[ 2017-03-29T23:25:40+08:00 ] 110.184.69.21 /index.php?m=&c=PayWechat&a=index
INFO: [ app_init ] --START--
INFO: Run Behavior\BuildLiteBehavior [ RunTime:0.000006s ]
INFO: [ app_init ] --END-- [ RunTime:0.000205s ]

[ 2017-03-29T23:26:30+08:00 ] 110.184.69.21 /index.php?m=&c=PayWechat&a=edit&id=3
INFO: [ app_init ] --START--
INFO: Run Behavior\BuildLiteBehavior [ RunTime:0.000007s ]
INFO: [ app_init ] --END-- [ RunTime:0.000210s ]

[ 2017-03-29T23:26:33+08:00 ] 110.184.69.21 /index.php?m=&c=PayWechat&a=update
INFO: [ app_init ] --START--
INFO: Run Behavior\BuildLiteBehavior [ RunTime:0.000014s ]
INFO: [ app_init ] --END-- [ RunTime:0.000228s ]
DEBUG: pay-wechat:"<!DOCTYPE HTML PUBLIC \"-\/\/IETF\/\/DTD HTML 2.0\/\/EN\">\r\n<html>\r\n<head><title>404 Not Found<\/title><\/head>\r\n<body bgcolor=\"white\">\r\n<h1>404 Not Found<\/h1>\r\n<p>The requested URL was not found on this server. Sorry for the inconvenience.<br\/>\r\nPlease report this message and include the following information to us.<br\/>\r\nThank you very much!<\/p>\r\n<table>\r\n<tr>\r\n<td>URL:<\/td>\r\n<td>http:\/\/movie.yqhuakun.com\/index.php\/index\/admin\/site_pay_url?&amp;app_id=1000000001&amp;url=1&amp;sign=086716d499839e53d619bd0ea8c49bcd<\/td>\r\n<\/tr>\r\n<tr>\r\n<td>Server:<\/td>\r\n<td>vm_54_33_centos<\/td>\r\n<\/tr>\r\n<tr>\r\n<td>Date:<\/td>\r\n<td>2017\/03\/29 23:26:33<\/td>\r\n<\/tr>\r\n<\/table>\r\n<hr\/>Powered by Tengine<\/body>\r\n<\/html>\r\n"

[ 2017-03-29T23:26:34+08:00 ] 110.184.69.21 /index.php?m=&c=PayWechat&a=index
INFO: [ app_init ] --START--
INFO: Run Behavior\BuildLiteBehavior [ RunTime:0.000010s ]
INFO: [ app_init ] --END-- [ RunTime:0.000249s ]

[ 2017-03-29T23:27:01+08:00 ] 117.139.128.168 /index.php?m=&c=PayWechat&a=index
INFO: [ app_init ] --START--
INFO: Run Behavior\BuildLiteBehavior [ RunTime:0.000006s ]
INFO: [ app_init ] --END-- [ RunTime:0.000236s ]

[ 2017-03-29T23:27:10+08:00 ] 117.139.128.168 /index.php?m=&c=login&a=index
INFO: [ app_init ] --START--
INFO: Run Behavior\BuildLiteBehavior [ RunTime:0.000007s ]
INFO: [ app_init ] --END-- [ RunTime:0.000197s ]

[ 2017-03-29T23:27:11+08:00 ] 117.139.128.168 /index.php?m=&c=login&a=verify
INFO: [ app_init ] --START--
INFO: Run Behavior\BuildLiteBehavior [ RunTime:0.000007s ]
INFO: [ app_init ] --END-- [ RunTime:0.000206s ]

[ 2017-03-29T23:27:15+08:00 ] 117.139.128.168 /favicon.ico
INFO: [ app_init ] --START--
INFO: Run Behavior\BuildLiteBehavior [ RunTime:0.000007s ]
INFO: [ app_init ] --END-- [ RunTime:0.000228s ]

[ 2017-03-29T23:27:35+08:00 ] 117.139.128.168 /index.php?m=&c=login&a=login
INFO: [ app_init ] --START--
INFO: Run Behavior\BuildLiteBehavior [ RunTime:0.000007s ]
INFO: [ app_init ] --END-- [ RunTime:0.000264s ]

[ 2017-03-29T23:27:35+08:00 ] 117.139.128.168 /index.php?m=Ln&c=Tg&a=index
INFO: [ app_init ] --START--
INFO: Run Behavior\BuildLiteBehavior [ RunTime:0.000008s ]
INFO: [ app_init ] --END-- [ RunTime:0.000210s ]

[ 2017-03-29T23:28:33+08:00 ] 110.184.69.21 /index.php?m=&c=Notice&a=index
INFO: [ app_init ] --START--
INFO: Run Behavior\BuildLiteBehavior [ RunTime:0.000007s ]
INFO: [ app_init ] --END-- [ RunTime:0.000200s ]

[ 2017-03-29T23:28:48+08:00 ] 110.184.69.21 /index.php?m=&c=Member&a=index
INFO: [ app_init ] --START--
INFO: Run Behavior\BuildLiteBehavior [ RunTime:0.000007s ]
INFO: [ app_init ] --END-- [ RunTime:0.000235s ]

[ 2017-03-29T23:28:51+08:00 ] 110.184.69.21 /index.php?m=&c=Tg&a=generalize
INFO: [ app_init ] --START--
INFO: Run Behavior\BuildLiteBehavior [ RunTime:0.000008s ]
INFO: [ app_init ] --END-- [ RunTime:0.000223s ]

[ 2017-03-29T23:28:56+08:00 ] 110.184.69.21 /index.php?m=&c=Tg&a=add_domain_log&group_domain=www.wxase.cn
INFO: [ app_init ] --START--
INFO: Run Behavior\BuildLiteBehavior [ RunTime:0.000006s ]
INFO: [ app_init ] --END-- [ RunTime:0.000222s ]

[ 2017-03-29T23:29:13+08:00 ] 110.184.69.21 /index.php?m=&c=Group&a=index
INFO: [ app_init ] --START--
INFO: Run Behavior\BuildLiteBehavior [ RunTime:0.000010s ]
INFO: [ app_init ] --END-- [ RunTime:0.000296s ]

[ 2017-03-29T23:29:50+08:00 ] 110.184.69.21 /index.php?m=&c=Member&a=add
INFO: [ app_init ] --START--
INFO: Run Behavior\BuildLiteBehavior [ RunTime:0.000009s ]
INFO: [ app_init ] --END-- [ RunTime:0.000226s ]

[ 2017-03-29T23:30:03+08:00 ] 110.184.69.21 /index.php?m=&c=logout&a=index
INFO: [ app_init ] --START--
INFO: Run Behavior\BuildLiteBehavior [ RunTime:0.000010s ]
INFO: [ app_init ] --END-- [ RunTime:0.000292s ]

[ 2017-03-29T23:30:03+08:00 ] 110.184.69.21 /index.php?m=&c=login&a=index
INFO: [ app_init ] --START--
INFO: Run Behavior\BuildLiteBehavior [ RunTime:0.000009s ]
INFO: [ app_init ] --END-- [ RunTime:0.000222s ]

[ 2017-03-29T23:30:03+08:00 ] 110.184.69.21 /index.php?m=&c=login&a=verify
INFO: [ app_init ] --START--
INFO: Run Behavior\BuildLiteBehavior [ RunTime:0.000006s ]
INFO: [ app_init ] --END-- [ RunTime:0.000220s ]

[ 2017-03-29T23:30:15+08:00 ] 110.184.69.21 /index.php?m=&c=login&a=login
INFO: [ app_init ] --START--
INFO: Run Behavior\BuildLiteBehavior [ RunTime:0.000007s ]
INFO: [ app_init ] --END-- [ RunTime:0.000230s ]

[ 2017-03-29T23:30:15+08:00 ] 110.184.69.21 /index.php?m=Ln&c=Tg&a=index
INFO: [ app_init ] --START--
INFO: Run Behavior\BuildLiteBehavior [ RunTime:0.000005s ]
INFO: [ app_init ] --END-- [ RunTime:0.000194s ]

[ 2017-03-29T23:30:27+08:00 ] 110.184.69.21 /index.php?m=Ln&c=Tg&a=Index&ajax=1&uid=8386&startime=2017-03-29%2000:00:00&endtime=
INFO: [ app_init ] --START--
INFO: Run Behavior\BuildLiteBehavior [ RunTime:0.000007s ]
INFO: [ app_init ] --END-- [ RunTime:0.000208s ]

[ 2017-03-29T23:30:34+08:00 ] 110.184.69.21 /index.php?m=&c=logout&a=index
INFO: [ app_init ] --START--
INFO: Run Behavior\BuildLiteBehavior [ RunTime:0.000008s ]
INFO: [ app_init ] --END-- [ RunTime:0.000207s ]

[ 2017-03-29T23:30:34+08:00 ] 110.184.69.21 /index.php?m=&c=login&a=index
INFO: [ app_init ] --START--
INFO: Run Behavior\BuildLiteBehavior [ RunTime:0.000006s ]
INFO: [ app_init ] --END-- [ RunTime:0.000198s ]

[ 2017-03-29T23:30:34+08:00 ] 110.184.69.21 /index.php?m=&c=login&a=verify
INFO: [ app_init ] --START--
INFO: Run Behavior\BuildLiteBehavior [ RunTime:0.000007s ]
INFO: [ app_init ] --END-- [ RunTime:0.000209s ]

[ 2017-03-29T23:30:46+08:00 ] 110.184.69.21 /index.php?m=&c=login&a=login
INFO: [ app_init ] --START--
INFO: Run Behavior\BuildLiteBehavior [ RunTime:0.000007s ]
INFO: [ app_init ] --END-- [ RunTime:0.000209s ]

[ 2017-03-29T23:30:46+08:00 ] 110.184.69.21 /index.php?m=Ln&c=Tg&a=index
INFO: [ app_init ] --START--
INFO: Run Behavior\BuildLiteBehavior [ RunTime:0.000007s ]
INFO: [ app_init ] --END-- [ RunTime:0.000220s ]

[ 2017-03-29T23:30:49+08:00 ] 110.184.69.21 /index.php?m=&c=Tg&a=index
INFO: [ app_init ] --START--
INFO: Run Behavior\BuildLiteBehavior [ RunTime:0.000006s ]
INFO: [ app_init ] --END-- [ RunTime:0.000206s ]

[ 2017-03-29T23:30:51+08:00 ] 110.184.69.21 /index.php?m=&c=Tg&a=index&startime=2017-03-28+00%3A00%3A00&endtime=2017-03-29+00%3A00%3A00
INFO: [ app_init ] --START--
INFO: Run Behavior\BuildLiteBehavior [ RunTime:0.000006s ]
INFO: [ app_init ] --END-- [ RunTime:0.000216s ]

[ 2017-03-29T23:30:52+08:00 ] 110.184.69.21 /index.php?m=&c=Member&a=index
INFO: [ app_init ] --START--
INFO: Run Behavior\BuildLiteBehavior [ RunTime:0.000009s ]
INFO: [ app_init ] --END-- [ RunTime:0.000254s ]

[ 2017-03-29T23:32:23+08:00 ] 116.31.126.153 /index.php?m%25253D%252526c%25253Dlogin%252526a%25253Dverify
INFO: [ app_init ] --START--
INFO: Run Behavior\BuildLiteBehavior [ RunTime:0.000007s ]
INFO: [ app_init ] --END-- [ RunTime:0.000223s ]

[ 2017-03-29T23:32:32+08:00 ] 101.71.55.105 /index.php?m%25253D%252526c%25253Dlogin%252526a%25253Dverify
INFO: [ app_init ] --START--
INFO: Run Behavior\BuildLiteBehavior [ RunTime:0.000007s ]
INFO: [ app_init ] --END-- [ RunTime:0.000223s ]

[ 2017-03-29T23:33:22+08:00 ] 110.184.69.21 /index.php?m=&c=Tg&a=index&startime=2017-03-28+00%3A00%3A00&endtime=2017-03-29+00%3A00%3A00
INFO: [ app_init ] --START--
INFO: Run Behavior\BuildLiteBehavior [ RunTime:0.000007s ]
INFO: [ app_init ] --END-- [ RunTime:0.000198s ]

[ 2017-03-29T23:33:24+08:00 ] 110.184.69.21 /index.php?m=&c=Tg&a=index
INFO: [ app_init ] --START--
INFO: Run Behavior\BuildLiteBehavior [ RunTime:0.000007s ]
INFO: [ app_init ] --END-- [ RunTime:0.000217s ]

[ 2017-03-29T23:33:31+08:00 ] 110.184.69.21 /index.php?m=&c=Tg&a=generalize
INFO: [ app_init ] --START--
INFO: Run Behavior\BuildLiteBehavior [ RunTime:0.000008s ]
INFO: [ app_init ] --END-- [ RunTime:0.000255s ]

[ 2017-03-29T23:33:33+08:00 ] 110.184.69.21 /index.php?m=&c=Tg&a=add_domain_log&group_domain=www.wapes.cn
INFO: [ app_init ] --START--
INFO: Run Behavior\BuildLiteBehavior [ RunTime:0.000008s ]
INFO: [ app_init ] --END-- [ RunTime:0.000208s ]

[ 2017-03-29T23:34:43+08:00 ] 117.139.128.168 /index.php?m=&c=Tg&a=generalize
INFO: [ app_init ] --START--
INFO: Run Behavior\BuildLiteBehavior [ RunTime:0.000007s ]
INFO: [ app_init ] --END-- [ RunTime:0.000226s ]

[ 2017-03-29T23:34:47+08:00 ] 117.139.128.168 /index.php?m=&c=Tg&a=add_domain_log&group_domain=www.wapes.cn
INFO: [ app_init ] --START--
INFO: Run Behavior\BuildLiteBehavior [ RunTime:0.000010s ]
INFO: [ app_init ] --END-- [ RunTime:0.000313s ]

[ 2017-03-29T23:34:53+08:00 ] 101.226.51.227 /index.php?m=&c=Tg&a=generalize
INFO: [ app_init ] --START--
INFO: Run Behavior\BuildLiteBehavior [ RunTime:0.000007s ]
INFO: [ app_init ] --END-- [ RunTime:0.000209s ]

[ 2017-03-29T23:35:34+08:00 ] 110.184.69.21 /index.php?m=&c=Tg&a=generalize
INFO: [ app_init ] --START--
INFO: Run Behavior\BuildLiteBehavior [ RunTime:0.000009s ]
INFO: [ app_init ] --END-- [ RunTime:0.000258s ]

[ 2017-03-29T23:35:36+08:00 ] 110.184.69.21 /index.php?m=&c=Tg&a=add_domain_log&group_domain=www.wapes.cn
INFO: [ app_init ] --START--
INFO: Run Behavior\BuildLiteBehavior [ RunTime:0.000007s ]
INFO: [ app_init ] --END-- [ RunTime:0.000200s ]

[ 2017-03-29T23:36:12+08:00 ] 110.184.69.21 /index.php?m=&c=Tg&a=generalize
INFO: [ app_init ] --START--
INFO: Run Behavior\BuildLiteBehavior [ RunTime:0.000006s ]
INFO: [ app_init ] --END-- [ RunTime:0.000203s ]

[ 2017-03-29T23:37:07+08:00 ] 110.184.69.21 /index.php?m=&c=logout&a=index
INFO: [ app_init ] --START--
INFO: Run Behavior\BuildLiteBehavior [ RunTime:0.000009s ]
INFO: [ app_init ] --END-- [ RunTime:0.000232s ]

[ 2017-03-29T23:37:07+08:00 ] 110.184.69.21 /index.php?m=&c=login&a=index
INFO: [ app_init ] --START--
INFO: Run Behavior\BuildLiteBehavior [ RunTime:0.000006s ]
INFO: [ app_init ] --END-- [ RunTime:0.000204s ]

[ 2017-03-29T23:37:07+08:00 ] 110.184.69.21 /index.php?m=&c=login&a=verify
INFO: [ app_init ] --START--
INFO: Run Behavior\BuildLiteBehavior [ RunTime:0.000010s ]
INFO: [ app_init ] --END-- [ RunTime:0.000292s ]

[ 2017-03-29T23:37:14+08:00 ] 110.184.69.21 /index.php?m=&c=login&a=login
INFO: [ app_init ] --START--
INFO: Run Behavior\BuildLiteBehavior [ RunTime:0.000009s ]
INFO: [ app_init ] --END-- [ RunTime:0.000216s ]

[ 2017-03-29T23:37:16+08:00 ] 110.184.69.21 /index.php?m=&c=login&a=index
INFO: [ app_init ] --START--
INFO: Run Behavior\BuildLiteBehavior [ RunTime:0.000008s ]
INFO: [ app_init ] --END-- [ RunTime:0.000229s ]

[ 2017-03-29T23:37:16+08:00 ] 110.184.69.21 /index.php?m=&c=login&a=verify
INFO: [ app_init ] --START--
INFO: Run Behavior\BuildLiteBehavior [ RunTime:0.000007s ]
INFO: [ app_init ] --END-- [ RunTime:0.000221s ]

[ 2017-03-29T23:37:26+08:00 ] 110.184.69.21 /index.php?m=&c=login&a=login
INFO: [ app_init ] --START--
INFO: Run Behavior\BuildLiteBehavior [ RunTime:0.000021s ]
INFO: [ app_init ] --END-- [ RunTime:0.000275s ]

[ 2017-03-29T23:37:26+08:00 ] 110.184.69.21 /index.php?m=Ln&c=Tg&a=index
INFO: [ app_init ] --START--
INFO: Run Behavior\BuildLiteBehavior [ RunTime:0.000007s ]
INFO: [ app_init ] --END-- [ RunTime:0.000204s ]

[ 2017-03-29T23:37:38+08:00 ] 110.184.69.21 /index.php?m=&c=Tg&a=recharge
INFO: [ app_init ] --START--
INFO: Run Behavior\BuildLiteBehavior [ RunTime:0.000007s ]
INFO: [ app_init ] --END-- [ RunTime:0.000257s ]

[ 2017-03-29T23:49:51+08:00 ] 117.139.128.168 /index.php?m=&c=Tg&a=generalize
INFO: [ app_init ] --START--
INFO: Run Behavior\BuildLiteBehavior [ RunTime:0.000007s ]
INFO: [ app_init ] --END-- [ RunTime:0.000207s ]

[ 2017-03-29T23:50:08+08:00 ] 117.139.128.168 /index.php?m=&c=Tg&a=add_domain_log&group_domain=www.wxase.cn
INFO: [ app_init ] --START--
INFO: Run Behavior\BuildLiteBehavior [ RunTime:0.000007s ]
INFO: [ app_init ] --END-- [ RunTime:0.000230s ]

