[ 2017-03-26T00:04:02+08:00 ] 101.227.207.42 /
INFO: [ app_init ] --START--
INFO: Run Behavior\BuildLiteBehavior [ RunTime:0.000009s ]
INFO: [ app_init ] --END-- [ RunTime:0.000288s ]

[ 2017-03-26T00:57:25+08:00 ] 119.147.207.158 /
INFO: [ app_init ] --START--
INFO: Run Behavior\BuildLiteBehavior [ RunTime:0.000009s ]
INFO: [ app_init ] --END-- [ RunTime:0.000227s ]

[ 2017-03-26T02:23:15+08:00 ] 101.71.55.120 /
INFO: [ app_init ] --START--
INFO: Run Behavior\BuildLiteBehavior [ RunTime:0.000006s ]
INFO: [ app_init ] --END-- [ RunTime:0.000203s ]

[ 2017-03-26T05:30:13+08:00 ] 101.227.207.48 /
INFO: [ app_init ] --START--
INFO: Run Behavior\BuildLiteBehavior [ RunTime:0.000007s ]
INFO: [ app_init ] --END-- [ RunTime:0.000200s ]

[ 2017-03-26T05:30:20+08:00 ] 101.227.207.48 /
INFO: [ app_init ] --START--
INFO: Run Behavior\BuildLiteBehavior [ RunTime:0.000009s ]
INFO: [ app_init ] --END-- [ RunTime:0.000220s ]

[ 2017-03-26T06:13:15+08:00 ] 101.71.55.120 /
INFO: [ app_init ] --START--
INFO: Run Behavior\BuildLiteBehavior [ RunTime:0.000007s ]
INFO: [ app_init ] --END-- [ RunTime:0.000200s ]

[ 2017-03-26T08:20:24+08:00 ] 112.65.193.13 /index.php?m%3D%26c%3DTg%26a%3Dgeneralize
INFO: [ app_init ] --START--
INFO: Run Behavior\BuildLiteBehavior [ RunTime:0.000007s ]
INFO: [ app_init ] --END-- [ RunTime:0.000253s ]

[ 2017-03-26T08:31:15+08:00 ] 172.68.46.48 /
INFO: [ app_init ] --START--
INFO: Run Behavior\BuildLiteBehavior [ RunTime:0.000006s ]
INFO: [ app_init ] --END-- [ RunTime:0.000198s ]

[ 2017-03-26T08:31:17+08:00 ] 172.68.46.48 /index.php?m=&c=login&a=verify
INFO: [ app_init ] --START--
INFO: Run Behavior\BuildLiteBehavior [ RunTime:0.000007s ]
INFO: [ app_init ] --END-- [ RunTime:0.000200s ]

[ 2017-03-26T08:31:20+08:00 ] 162.158.58.82 /favicon.ico
INFO: [ app_init ] --START--
INFO: Run Behavior\BuildLiteBehavior [ RunTime:0.000007s ]
INFO: [ app_init ] --END-- [ RunTime:0.000221s ]

[ 2017-03-26T08:31:22+08:00 ] 172.68.46.48 /index.php?m=&c=login&a=login
INFO: [ app_init ] --START--
INFO: Run Behavior\BuildLiteBehavior [ RunTime:0.000006s ]
INFO: [ app_init ] --END-- [ RunTime:0.000193s ]

[ 2017-03-26T08:31:22+08:00 ] 172.68.46.48 /index.php?m=Ln&c=Tg&a=index
INFO: [ app_init ] --START--
INFO: Run Behavior\BuildLiteBehavior [ RunTime:0.000007s ]
INFO: [ app_init ] --END-- [ RunTime:0.000208s ]

[ 2017-03-26T08:31:27+08:00 ] 172.68.46.48 /index.php?m=Ln&c=Tg&a=Index&ajax=1&uid=8386&startime=2017-03-26%2000:00:00&endtime=
INFO: [ app_init ] --START--
INFO: Run Behavior\BuildLiteBehavior [ RunTime:0.000007s ]
INFO: [ app_init ] --END-- [ RunTime:0.000205s ]

[ 2017-03-26T08:31:38+08:00 ] 172.68.46.48 /index.php?m=&c=Tg&a=index
INFO: [ app_init ] --START--
INFO: Run Behavior\BuildLiteBehavior [ RunTime:0.000007s ]
INFO: [ app_init ] --END-- [ RunTime:0.000217s ]

[ 2017-03-26T08:31:41+08:00 ] 172.68.46.48 /index.php?m=Ln&c=Tg&a=Index&ajax=1&uid=8386&startime=2017-03-26%2000:00:00&endtime=
INFO: [ app_init ] --START--
INFO: Run Behavior\BuildLiteBehavior [ RunTime:0.000006s ]
INFO: [ app_init ] --END-- [ RunTime:0.000203s ]

[ 2017-03-26T08:31:54+08:00 ] 172.68.46.48 /index.php?m=&c=Tg&a=index
INFO: [ app_init ] --START--
INFO: Run Behavior\BuildLiteBehavior [ RunTime:0.000006s ]
INFO: [ app_init ] --END-- [ RunTime:0.000250s ]

[ 2017-03-26T08:31:59+08:00 ] 172.68.46.48 /index.php?m=&c=Tg&a=export_earnings&stime=2017-03-26%2000:00:00
INFO: [ app_init ] --START--
INFO: Run Behavior\BuildLiteBehavior [ RunTime:0.000007s ]
INFO: [ app_init ] --END-- [ RunTime:0.000222s ]

[ 2017-03-26T08:32:13+08:00 ] 172.68.46.48 /index.php?m=Ln&c=Tg&a=Index&ajax=1&uid=8386&startime=2017-03-26%2000:00:00&endtime=
INFO: [ app_init ] --START--
INFO: Run Behavior\BuildLiteBehavior [ RunTime:0.000007s ]
INFO: [ app_init ] --END-- [ RunTime:0.000208s ]

[ 2017-03-26T08:32:15+08:00 ] 172.68.46.48 /index.php?m=&c=PayWechat&a=index
INFO: [ app_init ] --START--
INFO: Run Behavior\BuildLiteBehavior [ RunTime:0.000010s ]
INFO: [ app_init ] --END-- [ RunTime:0.000348s ]

[ 2017-03-26T08:32:17+08:00 ] 172.68.46.48 /index.php?m=&c=PayWechat&a=add
INFO: [ app_init ] --START--
INFO: Run Behavior\BuildLiteBehavior [ RunTime:0.000009s ]
INFO: [ app_init ] --END-- [ RunTime:0.000257s ]

[ 2017-03-26T08:34:17+08:00 ] 172.68.46.48 /index.php?m=&c=PayWechat&a=update
INFO: [ app_init ] --START--
INFO: Run Behavior\BuildLiteBehavior [ RunTime:0.000017s ]
INFO: [ app_init ] --END-- [ RunTime:0.000290s ]
DEBUG: pay-wechat:"<!DOCTYPE HTML PUBLIC \"-\/\/IETF\/\/DTD HTML 2.0\/\/EN\">\r\n<html>\r\n<head><title>404 Not Found<\/title><\/head>\r\n<body bgcolor=\"white\">\r\n<h1>404 Not Found<\/h1>\r\n<p>The requested URL was not found on this server. Sorry for the inconvenience.<br\/>\r\nPlease report this message and include the following information to us.<br\/>\r\nThank you very much!<\/p>\r\n<table>\r\n<tr>\r\n<td>URL:<\/td>\r\n<td>http:\/\/movie.yqhuakun.com\/index.php\/index\/admin\/site_pay_url?&amp;app_id=1000000001&amp;url=www.baidu.com&amp;sign=ce7f92f0335662c71b5370abbdfd29ea<\/td>\r\n<\/tr>\r\n<tr>\r\n<td>Server:<\/td>\r\n<td>vm_54_33_centos<\/td>\r\n<\/tr>\r\n<tr>\r\n<td>Date:<\/td>\r\n<td>2017\/03\/26 08:34:17<\/td>\r\n<\/tr>\r\n<\/table>\r\n<hr\/>Powered by Tengine<\/body>\r\n<\/html>\r\n"

[ 2017-03-26T08:34:18+08:00 ] 172.68.46.48 /index.php?m=&c=PayWechat&a=index
INFO: [ app_init ] --START--
INFO: Run Behavior\BuildLiteBehavior [ RunTime:0.000010s ]
INFO: [ app_init ] --END-- [ RunTime:0.000231s ]

[ 2017-03-26T09:57:26+08:00 ] 103.226.199.152 /favicon.ico
INFO: [ app_init ] --START--
INFO: Run Behavior\BuildLiteBehavior [ RunTime:0.000006s ]
INFO: [ app_init ] --END-- [ RunTime:0.000200s ]

[ 2017-03-26T09:57:26+08:00 ] 103.226.199.152 /favicon.ico
INFO: [ app_init ] --START--
INFO: Run Behavior\BuildLiteBehavior [ RunTime:0.000006s ]
INFO: [ app_init ] --END-- [ RunTime:0.000195s ]

[ 2017-03-26T09:57:27+08:00 ] 103.226.199.152 /
INFO: [ app_init ] --START--
INFO: Run Behavior\BuildLiteBehavior [ RunTime:0.000006s ]
INFO: [ app_init ] --END-- [ RunTime:0.000196s ]

[ 2017-03-26T09:57:27+08:00 ] 103.226.199.152 /index.php?m=&c=login&a=verify
INFO: [ app_init ] --START--
INFO: Run Behavior\BuildLiteBehavior [ RunTime:0.000006s ]
INFO: [ app_init ] --END-- [ RunTime:0.000219s ]

[ 2017-03-26T09:57:30+08:00 ] 103.226.199.152 /favicon.ico
INFO: [ app_init ] --START--
INFO: Run Behavior\BuildLiteBehavior [ RunTime:0.000006s ]
INFO: [ app_init ] --END-- [ RunTime:0.000207s ]

[ 2017-03-26T09:57:43+08:00 ] 103.226.199.152 /index.php?m=&c=login&a=login
INFO: [ app_init ] --START--
INFO: Run Behavior\BuildLiteBehavior [ RunTime:0.000005s ]
INFO: [ app_init ] --END-- [ RunTime:0.000200s ]

[ 2017-03-26T09:57:43+08:00 ] 103.226.199.152 /index.php?m=Ln&c=Tg&a=index
INFO: [ app_init ] --START--
INFO: Run Behavior\BuildLiteBehavior [ RunTime:0.000009s ]
INFO: [ app_init ] --END-- [ RunTime:0.000298s ]

[ 2017-03-26T09:57:53+08:00 ] 180.153.81.212 /index.php?m=&c=login&a=login
INFO: [ app_init ] --START--
INFO: Run Behavior\BuildLiteBehavior [ RunTime:0.000006s ]
INFO: [ app_init ] --END-- [ RunTime:0.000199s ]

[ 2017-03-26T09:57:56+08:00 ] 101.226.68.197 /index.php?m=ln&c=tg&a=index
INFO: [ app_init ] --START--
INFO: Run Behavior\BuildLiteBehavior [ RunTime:0.000006s ]
INFO: [ app_init ] --END-- [ RunTime:0.000201s ]

[ 2017-03-26T09:59:40+08:00 ] 103.226.199.152 /index.php?m=&c=Log&a=paylog
INFO: [ app_init ] --START--
INFO: Run Behavior\BuildLiteBehavior [ RunTime:0.000006s ]
INFO: [ app_init ] --END-- [ RunTime:0.000217s ]

[ 2017-03-26T09:59:40+08:00 ] 103.226.199.152 /index.php?callback=jQuery21106103844432024959_1490493309774&_=1490493309775
INFO: [ app_init ] --START--
INFO: Run Behavior\BuildLiteBehavior [ RunTime:0.000007s ]
INFO: [ app_init ] --END-- [ RunTime:0.000223s ]

[ 2017-03-26T09:59:46+08:00 ] 103.226.199.152 /index.php?m=&c=PayWechat&a=index
INFO: [ app_init ] --START--
INFO: Run Behavior\BuildLiteBehavior [ RunTime:0.000006s ]
INFO: [ app_init ] --END-- [ RunTime:0.000267s ]

[ 2017-03-26T09:59:50+08:00 ] 180.163.1.46 /index.php?m=&c=Log&a=paylog
INFO: [ app_init ] --START--
INFO: Run Behavior\BuildLiteBehavior [ RunTime:0.000007s ]
INFO: [ app_init ] --END-- [ RunTime:0.000208s ]

[ 2017-03-26T09:59:56+08:00 ] 101.226.33.205 /index.php?m=&c=PayWechat&a=index
INFO: [ app_init ] --START--
INFO: Run Behavior\BuildLiteBehavior [ RunTime:0.000007s ]
INFO: [ app_init ] --END-- [ RunTime:0.000196s ]

[ 2017-03-26T10:20:30+08:00 ] 101.227.207.12 /
INFO: [ app_init ] --START--
INFO: Run Behavior\BuildLiteBehavior [ RunTime:0.000006s ]
INFO: [ app_init ] --END-- [ RunTime:0.000198s ]

[ 2017-03-26T10:20:37+08:00 ] 101.227.207.12 /
INFO: [ app_init ] --START--
INFO: Run Behavior\BuildLiteBehavior [ RunTime:0.000006s ]
INFO: [ app_init ] --END-- [ RunTime:0.000208s ]

[ 2017-03-26T11:39:45+08:00 ] 101.226.89.116 /index.php?m%253D%2526c%253DTg%2526a%253Dgeneralize
INFO: [ app_init ] --START--
INFO: Run Behavior\BuildLiteBehavior [ RunTime:0.000013s ]
INFO: [ app_init ] --END-- [ RunTime:0.000202s ]

[ 2017-03-26T12:20:52+08:00 ] 101.71.55.120 /index.php
INFO: [ app_init ] --START--
INFO: Run Behavior\BuildLiteBehavior [ RunTime:0.000006s ]
INFO: [ app_init ] --END-- [ RunTime:0.000221s ]

[ 2017-03-26T12:20:52+08:00 ] 101.71.55.120 /
INFO: [ app_init ] --START--
INFO: Run Behavior\BuildLiteBehavior [ RunTime:0.000006s ]
INFO: [ app_init ] --END-- [ RunTime:0.000207s ]

[ 2017-03-26T12:22:15+08:00 ] 101.71.55.115 /index.php
INFO: [ app_init ] --START--
INFO: Run Behavior\BuildLiteBehavior [ RunTime:0.000006s ]
INFO: [ app_init ] --END-- [ RunTime:0.000198s ]

[ 2017-03-26T12:22:53+08:00 ] 101.71.55.115 /
INFO: [ app_init ] --START--
INFO: Run Behavior\BuildLiteBehavior [ RunTime:0.000008s ]
INFO: [ app_init ] --END-- [ RunTime:0.000209s ]

[ 2017-03-26T12:27:45+08:00 ] 103.226.199.152 /index.php?m=Ln&c=PayWechat&a=get_access_token&id=1
INFO: [ app_init ] --START--
INFO: Run Behavior\BuildLiteBehavior [ RunTime:0.000009s ]
INFO: [ app_init ] --END-- [ RunTime:0.000209s ]

[ 2017-03-26T12:27:55+08:00 ] 103.226.199.152 /index.php?m=&c=PayWechat&a=testQrCode&id=1
INFO: [ app_init ] --START--
INFO: Run Behavior\BuildLiteBehavior [ RunTime:0.000007s ]
INFO: [ app_init ] --END-- [ RunTime:0.000196s ]

[ 2017-03-26T12:31:43+08:00 ] 101.71.55.110 /ln/cache/get_tghb.html
INFO: [ app_init ] --START--
INFO: Run Behavior\BuildLiteBehavior [ RunTime:0.000006s ]
INFO: [ app_init ] --END-- [ RunTime:0.000194s ]
ERR: 无法加载控制器:Cache

[ 2017-03-26T12:31:44+08:00 ] 101.71.55.110 /ln/cache/get_tghb.html
INFO: [ app_init ] --START--
INFO: Run Behavior\BuildLiteBehavior [ RunTime:0.000007s ]
INFO: [ app_init ] --END-- [ RunTime:0.000213s ]
ERR: 无法加载控制器:Cache

[ 2017-03-26T12:33:20+08:00 ] 101.71.55.135 /ln/cache/get_tghb.html
INFO: [ app_init ] --START--
INFO: Run Behavior\BuildLiteBehavior [ RunTime:0.000006s ]
INFO: [ app_init ] --END-- [ RunTime:0.000211s ]
ERR: 无法加载控制器:Cache

[ 2017-03-26T12:44:25+08:00 ] 115.231.186.12 /index.php?m%3D%26c%3Dlogin%26a%3Dlogin
INFO: [ app_init ] --START--
INFO: Run Behavior\BuildLiteBehavior [ RunTime:0.000007s ]
INFO: [ app_init ] --END-- [ RunTime:0.000215s ]

[ 2017-03-26T13:01:52+08:00 ] 101.226.66.193 /index.php?m%3D%26c%3DPayWechat%26a%3Dindex
INFO: [ app_init ] --START--
INFO: Run Behavior\BuildLiteBehavior [ RunTime:0.000009s ]
INFO: [ app_init ] --END-- [ RunTime:0.000292s ]

[ 2017-03-26T13:37:34+08:00 ] 122.190.2.42 /
INFO: [ app_init ] --START--
INFO: Run Behavior\BuildLiteBehavior [ RunTime:0.000007s ]
INFO: [ app_init ] --END-- [ RunTime:0.000220s ]

[ 2017-03-26T13:37:35+08:00 ] 122.190.2.24 /ln/cache/get_tghb.html
INFO: [ app_init ] --START--
INFO: Run Behavior\BuildLiteBehavior [ RunTime:0.000008s ]
INFO: [ app_init ] --END-- [ RunTime:0.000317s ]
ERR: 无法加载控制器:Cache

[ 2017-03-26T13:48:40+08:00 ] 101.71.55.120 /
INFO: [ app_init ] --START--
INFO: Run Behavior\BuildLiteBehavior [ RunTime:0.000006s ]
INFO: [ app_init ] --END-- [ RunTime:0.000204s ]

[ 2017-03-26T14:38:40+08:00 ] 58.211.2.36 /index.php?m%253D%2526c%253Dlogin%2526a%253Dlogin
INFO: [ app_init ] --START--
INFO: Run Behavior\BuildLiteBehavior [ RunTime:0.000007s ]
INFO: [ app_init ] --END-- [ RunTime:0.000207s ]

[ 2017-03-26T15:04:40+08:00 ] 58.211.2.72 /ln/cache/get_tghb.html
INFO: [ app_init ] --START--
INFO: Run Behavior\BuildLiteBehavior [ RunTime:0.000007s ]
INFO: [ app_init ] --END-- [ RunTime:0.000203s ]
ERR: 无法加载控制器:Cache

[ 2017-03-26T15:51:27+08:00 ] 183.57.53.177 /index.php?m%253D%2526c%253DPayWechat%2526a%253Dindex
INFO: [ app_init ] --START--
INFO: Run Behavior\BuildLiteBehavior [ RunTime:0.000008s ]
INFO: [ app_init ] --END-- [ RunTime:0.000282s ]

[ 2017-03-26T16:41:17+08:00 ] 59.51.81.145 /index.php?m%25253D%252526c%25253Dlogin%252526a%25253Dlogin
INFO: [ app_init ] --START--
INFO: Run Behavior\BuildLiteBehavior [ RunTime:0.000006s ]
INFO: [ app_init ] --END-- [ RunTime:0.000198s ]

[ 2017-03-26T16:41:36+08:00 ] 58.211.2.72 /index.php?m%25253D%252526c%25253Dlogin%252526a%25253Dlogin
INFO: [ app_init ] --START--
INFO: Run Behavior\BuildLiteBehavior [ RunTime:0.000006s ]
INFO: [ app_init ] --END-- [ RunTime:0.000196s ]

[ 2017-03-26T18:14:40+08:00 ] 180.153.206.18 /index.php?m%25253D%252526c%25253DPayWechat%252526a%25253Dindex
INFO: [ app_init ] --START--
INFO: Run Behavior\BuildLiteBehavior [ RunTime:0.000007s ]
INFO: [ app_init ] --END-- [ RunTime:0.000196s ]

[ 2017-03-26T18:28:48+08:00 ] 58.211.2.114 /
INFO: [ app_init ] --START--
INFO: Run Behavior\BuildLiteBehavior [ RunTime:0.000007s ]
INFO: [ app_init ] --END-- [ RunTime:0.000235s ]

[ 2017-03-26T20:27:00+08:00 ] 58.211.2.72 /index.php?m%2525253D%25252526c%2525253Dlogin%25252526a%2525253Dlogin
INFO: [ app_init ] --START--
INFO: Run Behavior\BuildLiteBehavior [ RunTime:0.000005s ]
INFO: [ app_init ] --END-- [ RunTime:0.000212s ]

[ 2017-03-26T20:45:01+08:00 ] 115.231.186.12 /
INFO: [ app_init ] --START--
INFO: Run Behavior\BuildLiteBehavior [ RunTime:0.000007s ]
INFO: [ app_init ] --END-- [ RunTime:0.000251s ]

[ 2017-03-26T21:13:43+08:00 ] 112.65.193.13 /index.php?m%2525253D%25252526c%2525253DPayWechat%25252526a%2525253Dindex
INFO: [ app_init ] --START--
INFO: Run Behavior\BuildLiteBehavior [ RunTime:0.000007s ]
INFO: [ app_init ] --END-- [ RunTime:0.000243s ]

[ 2017-03-26T22:57:59+08:00 ] 58.211.2.66 /index.php?m%252525253D%2525252526c%252525253Dlogin%2525252526a%252525253Dlogin
INFO: [ app_init ] --START--
INFO: Run Behavior\BuildLiteBehavior [ RunTime:0.000006s ]
INFO: [ app_init ] --END-- [ RunTime:0.000227s ]

