[ 2017-03-27T03:02:59+08:00 ] 162.158.79.90 /robots.txt
INFO: [ app_init ] --START--
INFO: Run Behavior\BuildLiteBehavior [ RunTime:0.000007s ]
INFO: [ app_init ] --END-- [ RunTime:0.000206s ]
ERR: 无法加载控制器:Robots.txt

[ 2017-03-27T03:03:01+08:00 ] 162.158.78.11 /
INFO: [ app_init ] --START--
INFO: Run Behavior\BuildLiteBehavior [ RunTime:0.000007s ]
INFO: [ app_init ] --END-- [ RunTime:0.000206s ]

[ 2017-03-27T03:12:06+08:00 ] 116.31.126.153 /index.php?m%25252525253D%252525252526c%25252525253Dlogin%252525252526a%25252525253Dlogin
INFO: [ app_init ] --START--
INFO: Run Behavior\BuildLiteBehavior [ RunTime:0.000009s ]
INFO: [ app_init ] --END-- [ RunTime:0.000223s ]

[ 2017-03-27T03:12:18+08:00 ] 58.211.2.72 /index.php?m%25252525253D%252525252526c%25252525253Dlogin%252525252526a%25252525253Dlogin
INFO: [ app_init ] --START--
INFO: Run Behavior\BuildLiteBehavior [ RunTime:0.000007s ]
INFO: [ app_init ] --END-- [ RunTime:0.000216s ]

[ 2017-03-27T06:58:22+08:00 ] 116.31.126.103 /index.php?m%2525252525253D%25252525252526c%2525252525253Dlogin%25252525252526a%2525252525253Dlogin
INFO: [ app_init ] --START--
INFO: Run Behavior\BuildLiteBehavior [ RunTime:0.000007s ]
INFO: [ app_init ] --END-- [ RunTime:0.000255s ]

[ 2017-03-27T08:54:12+08:00 ] 101.71.55.120 /index.php?m%252525252525253D%2525252525252526c%252525252525253Dlogin%2525252525252526a%252525252525253Dlogin
INFO: [ app_init ] --START--
INFO: Run Behavior\BuildLiteBehavior [ RunTime:0.000007s ]
INFO: [ app_init ] --END-- [ RunTime:0.000199s ]

[ 2017-03-27T08:54:13+08:00 ] 58.211.2.72 /index.php?m%252525252525253D%2525252525252526c%252525252525253Dlogin%2525252525252526a%252525252525253Dlogin
INFO: [ app_init ] --START--
INFO: Run Behavior\BuildLiteBehavior [ RunTime:0.000008s ]
INFO: [ app_init ] --END-- [ RunTime:0.000297s ]

[ 2017-03-27T08:54:15+08:00 ] 58.211.2.18 /index.php?m%252525252525253D%2525252525252526c%252525252525253Dlogin%2525252525252526a%252525252525253Dlogin
INFO: [ app_init ] --START--
INFO: Run Behavior\BuildLiteBehavior [ RunTime:0.000006s ]
INFO: [ app_init ] --END-- [ RunTime:0.000193s ]

[ 2017-03-27T08:54:30+08:00 ] 58.211.2.36 /index.php?m%252525252525253D%2525252525252526c%252525252525253Dlogin%2525252525252526a%252525252525253Dlogin
INFO: [ app_init ] --START--
INFO: Run Behavior\BuildLiteBehavior [ RunTime:0.000007s ]
INFO: [ app_init ] --END-- [ RunTime:0.000195s ]

[ 2017-03-27T09:20:40+08:00 ] 116.31.126.103 /
INFO: [ app_init ] --START--
INFO: Run Behavior\BuildLiteBehavior [ RunTime:0.000006s ]
INFO: [ app_init ] --END-- [ RunTime:0.000209s ]

[ 2017-03-27T09:20:48+08:00 ] 58.211.2.120 /
INFO: [ app_init ] --START--
INFO: Run Behavior\BuildLiteBehavior [ RunTime:0.000007s ]
INFO: [ app_init ] --END-- [ RunTime:0.000214s ]

[ 2017-03-27T09:48:51+08:00 ] 101.71.55.120 /
INFO: [ app_init ] --START--
INFO: Run Behavior\BuildLiteBehavior [ RunTime:0.000006s ]
INFO: [ app_init ] --END-- [ RunTime:0.000209s ]

[ 2017-03-27T09:48:51+08:00 ] 101.71.55.90 /
INFO: [ app_init ] --START--
INFO: Run Behavior\BuildLiteBehavior [ RunTime:0.000010s ]
INFO: [ app_init ] --END-- [ RunTime:0.000231s ]

[ 2017-03-27T09:48:52+08:00 ] 101.71.55.95 /ln/cache/get_tghb.html
INFO: [ app_init ] --START--
INFO: Run Behavior\BuildLiteBehavior [ RunTime:0.000009s ]
INFO: [ app_init ] --END-- [ RunTime:0.000287s ]
ERR: 无法加载控制器:Cache

[ 2017-03-27T09:48:53+08:00 ] 101.71.55.120 /index.php
INFO: [ app_init ] --START--
INFO: Run Behavior\BuildLiteBehavior [ RunTime:0.000006s ]
INFO: [ app_init ] --END-- [ RunTime:0.000211s ]

[ 2017-03-27T11:44:31+08:00 ] 115.231.186.18 /
INFO: [ app_init ] --START--
INFO: Run Behavior\BuildLiteBehavior [ RunTime:0.000006s ]
INFO: [ app_init ] --END-- [ RunTime:0.000204s ]

[ 2017-03-27T11:44:41+08:00 ] 101.71.55.100 /
INFO: [ app_init ] --START--
INFO: Run Behavior\BuildLiteBehavior [ RunTime:0.000008s ]
INFO: [ app_init ] --END-- [ RunTime:0.000214s ]

[ 2017-03-27T11:48:13+08:00 ] 58.211.2.18 /ln/cache/get_tghb.html
INFO: [ app_init ] --START--
INFO: Run Behavior\BuildLiteBehavior [ RunTime:0.000006s ]
INFO: [ app_init ] --END-- [ RunTime:0.000243s ]
ERR: 无法加载控制器:Cache

[ 2017-03-27T11:48:13+08:00 ] 58.211.2.120 /ln/cache/get_tghb.html
INFO: [ app_init ] --START--
INFO: Run Behavior\BuildLiteBehavior [ RunTime:0.000006s ]
INFO: [ app_init ] --END-- [ RunTime:0.000196s ]
ERR: 无法加载控制器:Cache

[ 2017-03-27T11:48:14+08:00 ] 58.211.2.72 /ln/cache/get_tghb.html
INFO: [ app_init ] --START--
INFO: Run Behavior\BuildLiteBehavior [ RunTime:0.000007s ]
INFO: [ app_init ] --END-- [ RunTime:0.000216s ]
ERR: 无法加载控制器:Cache

[ 2017-03-27T11:48:22+08:00 ] 58.211.2.84 /ln/cache/get_tghb.html
INFO: [ app_init ] --START--
INFO: Run Behavior\BuildLiteBehavior [ RunTime:0.000006s ]
INFO: [ app_init ] --END-- [ RunTime:0.000201s ]
ERR: 无法加载控制器:Cache

[ 2017-03-27T12:05:21+08:00 ] 115.231.186.24 /index.php
INFO: [ app_init ] --START--
INFO: Run Behavior\BuildLiteBehavior [ RunTime:0.000006s ]
INFO: [ app_init ] --END-- [ RunTime:0.000199s ]

[ 2017-03-27T12:05:28+08:00 ] 58.211.2.30 /index.php
INFO: [ app_init ] --START--
INFO: Run Behavior\BuildLiteBehavior [ RunTime:0.000006s ]
INFO: [ app_init ] --END-- [ RunTime:0.000240s ]

[ 2017-03-27T12:11:00+08:00 ] 103.226.199.152 /favicon.ico
INFO: [ app_init ] --START--
INFO: Run Behavior\BuildLiteBehavior [ RunTime:0.000007s ]
INFO: [ app_init ] --END-- [ RunTime:0.000242s ]

[ 2017-03-27T12:11:02+08:00 ] 103.226.199.152 /
INFO: [ app_init ] --START--
INFO: Run Behavior\BuildLiteBehavior [ RunTime:0.000007s ]
INFO: [ app_init ] --END-- [ RunTime:0.000201s ]

[ 2017-03-27T12:11:02+08:00 ] 103.226.199.152 /index.php?m=&c=login&a=verify
INFO: [ app_init ] --START--
INFO: Run Behavior\BuildLiteBehavior [ RunTime:0.000007s ]
INFO: [ app_init ] --END-- [ RunTime:0.000201s ]

[ 2017-03-27T12:11:03+08:00 ] 103.226.199.152 /favicon.ico
INFO: [ app_init ] --START--
INFO: Run Behavior\BuildLiteBehavior [ RunTime:0.000009s ]
INFO: [ app_init ] --END-- [ RunTime:0.000333s ]

[ 2017-03-27T12:11:11+08:00 ] 103.226.199.152 /index.php?m=&c=login&a=login
INFO: [ app_init ] --START--
INFO: Run Behavior\BuildLiteBehavior [ RunTime:0.000006s ]
INFO: [ app_init ] --END-- [ RunTime:0.000199s ]

[ 2017-03-27T12:11:11+08:00 ] 103.226.199.152 /index.php?m=Ln&c=Tg&a=index
INFO: [ app_init ] --START--
INFO: Run Behavior\BuildLiteBehavior [ RunTime:0.000006s ]
INFO: [ app_init ] --END-- [ RunTime:0.000230s ]

[ 2017-03-27T12:11:12+08:00 ] 180.163.2.119 /
INFO: [ app_init ] --START--
INFO: Run Behavior\BuildLiteBehavior [ RunTime:0.000007s ]
INFO: [ app_init ] --END-- [ RunTime:0.000209s ]

[ 2017-03-27T12:11:13+08:00 ] 103.226.199.152 /index.php?m=&c=Tg&a=generalize
INFO: [ app_init ] --START--
INFO: Run Behavior\BuildLiteBehavior [ RunTime:0.000007s ]
INFO: [ app_init ] --END-- [ RunTime:0.000227s ]

[ 2017-03-27T12:11:14+08:00 ] 101.226.66.178 /
INFO: [ app_init ] --START--
INFO: Run Behavior\BuildLiteBehavior [ RunTime:0.000007s ]
INFO: [ app_init ] --END-- [ RunTime:0.000196s ]

[ 2017-03-27T12:11:16+08:00 ] 103.226.199.152 /index.php?m=&c=Tg&a=add_domain_log&group_domain=www.wxase.cn
INFO: [ app_init ] --START--
INFO: Run Behavior\BuildLiteBehavior [ RunTime:0.000006s ]
INFO: [ app_init ] --END-- [ RunTime:0.000205s ]

[ 2017-03-27T12:11:21+08:00 ] 180.153.214.200 /index.php?m=&c=login&a=login
INFO: [ app_init ] --START--
INFO: Run Behavior\BuildLiteBehavior [ RunTime:0.000006s ]
INFO: [ app_init ] --END-- [ RunTime:0.000198s ]

[ 2017-03-27T12:11:23+08:00 ] 117.185.27.113 /index.php?m=&c=Tg&a=generalize
INFO: [ app_init ] --START--
INFO: Run Behavior\BuildLiteBehavior [ RunTime:0.000007s ]
INFO: [ app_init ] --END-- [ RunTime:0.000221s ]

[ 2017-03-27T12:13:04+08:00 ] 103.226.199.152 /index.php?m=&c=Tg&a=generalize
INFO: [ app_init ] --START--
INFO: Run Behavior\BuildLiteBehavior [ RunTime:0.000006s ]
INFO: [ app_init ] --END-- [ RunTime:0.000223s ]

[ 2017-03-27T12:13:07+08:00 ] 103.226.199.152 /favicon.ico
INFO: [ app_init ] --START--
INFO: Run Behavior\BuildLiteBehavior [ RunTime:0.000006s ]
INFO: [ app_init ] --END-- [ RunTime:0.000233s ]

[ 2017-03-27T12:13:09+08:00 ] 103.226.199.152 /index.php?m=&c=Tg&a=add_domain_log&group_domain=www.wapes.cn
INFO: [ app_init ] --START--
INFO: Run Behavior\BuildLiteBehavior [ RunTime:0.000007s ]
INFO: [ app_init ] --END-- [ RunTime:0.000212s ]

[ 2017-03-27T12:14:53+08:00 ] 103.226.199.152 /index.php?m=&c=Tg&a=generalize
INFO: [ app_init ] --START--
INFO: Run Behavior\BuildLiteBehavior [ RunTime:0.000006s ]
INFO: [ app_init ] --END-- [ RunTime:0.000196s ]

[ 2017-03-27T12:14:57+08:00 ] 103.226.199.152 /index.php?m=&c=Tg&a=add_domain_log&group_domain=www.wapes.cn
INFO: [ app_init ] --START--
INFO: Run Behavior\BuildLiteBehavior [ RunTime:0.000006s ]
INFO: [ app_init ] --END-- [ RunTime:0.000201s ]

[ 2017-03-27T12:37:33+08:00 ] 103.226.199.152 /index.php?m=&c=Tg&a=generalize
INFO: [ app_init ] --START--
INFO: Run Behavior\BuildLiteBehavior [ RunTime:0.000007s ]
INFO: [ app_init ] --END-- [ RunTime:0.000213s ]

[ 2017-03-27T12:37:39+08:00 ] 103.226.199.152 /index.php?m=&c=Tg&a=add_domain_log&group_domain=www.wapes.cn
INFO: [ app_init ] --START--
INFO: Run Behavior\BuildLiteBehavior [ RunTime:0.000007s ]
INFO: [ app_init ] --END-- [ RunTime:0.000216s ]

[ 2017-03-27T12:45:06+08:00 ] 122.190.2.42 /
INFO: [ app_init ] --START--
INFO: Run Behavior\BuildLiteBehavior [ RunTime:0.000008s ]
INFO: [ app_init ] --END-- [ RunTime:0.000237s ]

[ 2017-03-27T12:45:06+08:00 ] 122.190.2.42 /ln/cache/get_tghb.html
INFO: [ app_init ] --START--
INFO: Run Behavior\BuildLiteBehavior [ RunTime:0.000006s ]
INFO: [ app_init ] --END-- [ RunTime:0.000191s ]
ERR: 无法加载控制器:Cache

[ 2017-03-27T12:45:11+08:00 ] 122.190.2.42 /ln/cache/get_tghb.html
INFO: [ app_init ] --START--
INFO: Run Behavior\BuildLiteBehavior [ RunTime:0.000008s ]
INFO: [ app_init ] --END-- [ RunTime:0.000301s ]
ERR: 无法加载控制器:Cache

[ 2017-03-27T12:47:05+08:00 ] 122.190.2.72 /
INFO: [ app_init ] --START--
INFO: Run Behavior\BuildLiteBehavior [ RunTime:0.000006s ]
INFO: [ app_init ] --END-- [ RunTime:0.000217s ]

[ 2017-03-27T12:47:20+08:00 ] 122.190.2.72 /ln/cache/get_tghb.html
INFO: [ app_init ] --START--
INFO: Run Behavior\BuildLiteBehavior [ RunTime:0.000006s ]
INFO: [ app_init ] --END-- [ RunTime:0.000197s ]
ERR: 无法加载控制器:Cache

[ 2017-03-27T13:17:14+08:00 ] 103.226.199.152 /index.php?m=&c=Tg&a=generalize
INFO: [ app_init ] --START--
INFO: Run Behavior\BuildLiteBehavior [ RunTime:0.000006s ]
INFO: [ app_init ] --END-- [ RunTime:0.000192s ]

[ 2017-03-27T13:17:19+08:00 ] 103.226.199.152 /index.php?m=&c=Tg&a=add_domain_log&group_domain=www.wapes.cn
INFO: [ app_init ] --START--
INFO: Run Behavior\BuildLiteBehavior [ RunTime:0.000006s ]
INFO: [ app_init ] --END-- [ RunTime:0.000198s ]

[ 2017-03-27T13:17:38+08:00 ] 103.226.199.152 /index.php?m=&c=Tg&a=generalize
INFO: [ app_init ] --START--
INFO: Run Behavior\BuildLiteBehavior [ RunTime:0.000007s ]
INFO: [ app_init ] --END-- [ RunTime:0.000194s ]

[ 2017-03-27T13:17:40+08:00 ] 103.226.199.152 /favicon.ico
INFO: [ app_init ] --START--
INFO: Run Behavior\BuildLiteBehavior [ RunTime:0.000007s ]
INFO: [ app_init ] --END-- [ RunTime:0.000203s ]

[ 2017-03-27T13:17:42+08:00 ] 103.226.199.152 /index.php?m=&c=Tg&a=add_domain_log&group_domain=www.wapes.cn
INFO: [ app_init ] --START--
INFO: Run Behavior\BuildLiteBehavior [ RunTime:0.000007s ]
INFO: [ app_init ] --END-- [ RunTime:0.000256s ]

[ 2017-03-27T13:21:52+08:00 ] 103.226.199.152 /index.php?m=&c=Tg&a=generalize
INFO: [ app_init ] --START--
INFO: Run Behavior\BuildLiteBehavior [ RunTime:0.000007s ]
INFO: [ app_init ] --END-- [ RunTime:0.000250s ]

[ 2017-03-27T13:22:34+08:00 ] 103.226.199.152 /index.php?m=&c=Tg&a=add_domain_log&group_domain=www.wxase.cn
INFO: [ app_init ] --START--
INFO: Run Behavior\BuildLiteBehavior [ RunTime:0.000009s ]
INFO: [ app_init ] --END-- [ RunTime:0.000231s ]

[ 2017-03-27T13:30:40+08:00 ] 103.226.199.152 /index.php?m=&c=Tg&a=generalize
INFO: [ app_init ] --START--
INFO: Run Behavior\BuildLiteBehavior [ RunTime:0.000007s ]
INFO: [ app_init ] --END-- [ RunTime:0.000243s ]

[ 2017-03-27T13:30:47+08:00 ] 103.226.199.152 /index.php?m=&c=Tg&a=add_domain_log&group_domain=www.wxase.cn
INFO: [ app_init ] --START--
INFO: Run Behavior\BuildLiteBehavior [ RunTime:0.000009s ]
INFO: [ app_init ] --END-- [ RunTime:0.000215s ]

[ 2017-03-27T13:31:19+08:00 ] 103.226.199.152 /index.php?m=&c=Tg&a=generalize
INFO: [ app_init ] --START--
INFO: Run Behavior\BuildLiteBehavior [ RunTime:0.000006s ]
INFO: [ app_init ] --END-- [ RunTime:0.000197s ]

[ 2017-03-27T13:31:21+08:00 ] 103.226.199.152 /index.php?m=&c=Tg&a=add_domain_log&group_domain=www.wapes.cn
INFO: [ app_init ] --START--
INFO: Run Behavior\BuildLiteBehavior [ RunTime:0.000009s ]
INFO: [ app_init ] --END-- [ RunTime:0.000284s ]

[ 2017-03-27T13:42:57+08:00 ] 103.226.199.152 /index.php?m=&c=Tg&a=generalize
INFO: [ app_init ] --START--
INFO: Run Behavior\BuildLiteBehavior [ RunTime:0.000007s ]
INFO: [ app_init ] --END-- [ RunTime:0.000216s ]

[ 2017-03-27T13:43:01+08:00 ] 103.226.199.152 /index.php?m=&c=Tg&a=add_domain_log&group_domain=www.wxase.cn
INFO: [ app_init ] --START--
INFO: Run Behavior\BuildLiteBehavior [ RunTime:0.000007s ]
INFO: [ app_init ] --END-- [ RunTime:0.000202s ]

[ 2017-03-27T13:46:35+08:00 ] 103.226.199.152 /index.php?m=&c=Tg&a=generalize
INFO: [ app_init ] --START--
INFO: Run Behavior\BuildLiteBehavior [ RunTime:0.000006s ]
INFO: [ app_init ] --END-- [ RunTime:0.000197s ]

[ 2017-03-27T13:46:38+08:00 ] 103.226.199.152 /favicon.ico
INFO: [ app_init ] --START--
INFO: Run Behavior\BuildLiteBehavior [ RunTime:0.000007s ]
INFO: [ app_init ] --END-- [ RunTime:0.000200s ]

[ 2017-03-27T13:46:59+08:00 ] 103.226.199.152 /index.php?m=&c=Tg&a=generalize
INFO: [ app_init ] --START--
INFO: Run Behavior\BuildLiteBehavior [ RunTime:0.000006s ]
INFO: [ app_init ] --END-- [ RunTime:0.000193s ]

[ 2017-03-27T13:47:02+08:00 ] 103.226.199.152 /index.php?m=&c=Tg&a=add_domain_log&group_domain=www.wxase.cn
INFO: [ app_init ] --START--
INFO: Run Behavior\BuildLiteBehavior [ RunTime:0.000009s ]
INFO: [ app_init ] --END-- [ RunTime:0.000306s ]

[ 2017-03-27T13:59:15+08:00 ] 103.226.199.152 /index.php?m=&c=Tg&a=generalize
INFO: [ app_init ] --START--
INFO: Run Behavior\BuildLiteBehavior [ RunTime:0.000009s ]
INFO: [ app_init ] --END-- [ RunTime:0.000280s ]

[ 2017-03-27T13:59:19+08:00 ] 103.226.199.152 /index.php?m=&c=Tg&a=add_domain_log&group_domain=www.wapes.cn
INFO: [ app_init ] --START--
INFO: Run Behavior\BuildLiteBehavior [ RunTime:0.000006s ]
INFO: [ app_init ] --END-- [ RunTime:0.000195s ]

[ 2017-03-27T13:59:25+08:00 ] 101.226.68.213 /index.php?m=&c=Tg&a=generalize
INFO: [ app_init ] --START--
INFO: Run Behavior\BuildLiteBehavior [ RunTime:0.000006s ]
INFO: [ app_init ] --END-- [ RunTime:0.000199s ]

[ 2017-03-27T13:59:38+08:00 ] 103.226.199.152 /index.php?m=&c=Tg&a=generalize
INFO: [ app_init ] --START--
INFO: Run Behavior\BuildLiteBehavior [ RunTime:0.000006s ]
INFO: [ app_init ] --END-- [ RunTime:0.000209s ]

[ 2017-03-27T13:59:41+08:00 ] 103.226.199.152 /index.php?m=&c=Tg&a=add_domain_log&group_domain=www.wapes.cn
INFO: [ app_init ] --START--
INFO: Run Behavior\BuildLiteBehavior [ RunTime:0.000007s ]
INFO: [ app_init ] --END-- [ RunTime:0.000238s ]

[ 2017-03-27T14:03:53+08:00 ] 103.226.199.152 /index.php?m=&c=Tg&a=generalize
INFO: [ app_init ] --START--
INFO: Run Behavior\BuildLiteBehavior [ RunTime:0.000024s ]
INFO: [ app_init ] --END-- [ RunTime:0.000233s ]

[ 2017-03-27T14:03:56+08:00 ] 103.226.199.152 /favicon.ico
INFO: [ app_init ] --START--
INFO: Run Behavior\BuildLiteBehavior [ RunTime:0.000006s ]
INFO: [ app_init ] --END-- [ RunTime:0.000213s ]

[ 2017-03-27T14:03:59+08:00 ] 103.226.199.152 /index.php?m=&c=Tg&a=add_domain_log&group_domain=www.wapes.cn
INFO: [ app_init ] --START--
INFO: Run Behavior\BuildLiteBehavior [ RunTime:0.000007s ]
INFO: [ app_init ] --END-- [ RunTime:0.000222s ]

[ 2017-03-27T14:10:26+08:00 ] 103.226.199.152 /index.php?m=&c=Tg&a=generalize
INFO: [ app_init ] --START--
INFO: Run Behavior\BuildLiteBehavior [ RunTime:0.000007s ]
INFO: [ app_init ] --END-- [ RunTime:0.000304s ]

[ 2017-03-27T14:10:29+08:00 ] 103.226.199.152 /index.php?m=&c=Tg&a=add_domain_log&group_domain=www.wxase.cn
INFO: [ app_init ] --START--
INFO: Run Behavior\BuildLiteBehavior [ RunTime:0.000008s ]
INFO: [ app_init ] --END-- [ RunTime:0.000222s ]

[ 2017-03-27T14:11:23+08:00 ] 103.226.199.152 /index.php?m=&c=Tg&a=generalize
INFO: [ app_init ] --START--
INFO: Run Behavior\BuildLiteBehavior [ RunTime:0.000006s ]
INFO: [ app_init ] --END-- [ RunTime:0.000212s ]

[ 2017-03-27T14:11:26+08:00 ] 103.226.199.152 /index.php?m=&c=login&a=index
INFO: [ app_init ] --START--
INFO: Run Behavior\BuildLiteBehavior [ RunTime:0.000006s ]
INFO: [ app_init ] --END-- [ RunTime:0.000205s ]

[ 2017-03-27T14:11:26+08:00 ] 103.226.199.152 /index.php?m=&c=login&a=verify
INFO: [ app_init ] --START--
INFO: Run Behavior\BuildLiteBehavior [ RunTime:0.000006s ]
INFO: [ app_init ] --END-- [ RunTime:0.000220s ]

[ 2017-03-27T14:11:33+08:00 ] 103.226.199.152 /index.php?m=&c=login&a=login
INFO: [ app_init ] --START--
INFO: Run Behavior\BuildLiteBehavior [ RunTime:0.000006s ]
INFO: [ app_init ] --END-- [ RunTime:0.000199s ]

[ 2017-03-27T14:11:33+08:00 ] 103.226.199.152 /index.php?m=Ln&c=Tg&a=index
INFO: [ app_init ] --START--
INFO: Run Behavior\BuildLiteBehavior [ RunTime:0.000007s ]
INFO: [ app_init ] --END-- [ RunTime:0.000214s ]

[ 2017-03-27T14:11:35+08:00 ] 103.226.199.152 /index.php?m=&c=Tg&a=generalize
INFO: [ app_init ] --START--
INFO: Run Behavior\BuildLiteBehavior [ RunTime:0.000006s ]
INFO: [ app_init ] --END-- [ RunTime:0.000242s ]

[ 2017-03-27T14:11:36+08:00 ] 101.226.33.223 /index.php?m=&c=login&a=index
INFO: [ app_init ] --START--
INFO: Run Behavior\BuildLiteBehavior [ RunTime:0.000007s ]
INFO: [ app_init ] --END-- [ RunTime:0.000211s ]

[ 2017-03-27T14:11:38+08:00 ] 101.226.66.187 /index.php?m=&c=login&a=index
INFO: [ app_init ] --START--
INFO: Run Behavior\BuildLiteBehavior [ RunTime:0.000008s ]
INFO: [ app_init ] --END-- [ RunTime:0.000239s ]

[ 2017-03-27T14:11:38+08:00 ] 103.226.199.152 /index.php?m=&c=Tg&a=add_domain_log&group_domain=www.wxase.cn
INFO: [ app_init ] --START--
INFO: Run Behavior\BuildLiteBehavior [ RunTime:0.000006s ]
INFO: [ app_init ] --END-- [ RunTime:0.000194s ]

[ 2017-03-27T14:12:39+08:00 ] 103.226.199.152 /index.php?m=&c=Tg&a=generalize
INFO: [ app_init ] --START--
INFO: Run Behavior\BuildLiteBehavior [ RunTime:0.000006s ]
INFO: [ app_init ] --END-- [ RunTime:0.000209s ]

[ 2017-03-27T14:12:42+08:00 ] 103.226.199.152 /index.php?m=&c=Tg&a=add_domain_log&group_domain=www.wxase.cn
INFO: [ app_init ] --START--
INFO: Run Behavior\BuildLiteBehavior [ RunTime:0.000007s ]
INFO: [ app_init ] --END-- [ RunTime:0.000294s ]

[ 2017-03-27T14:13:29+08:00 ] 103.226.199.152 /index.php?m=&c=Tg&a=generalize
INFO: [ app_init ] --START--
INFO: Run Behavior\BuildLiteBehavior [ RunTime:0.000007s ]
INFO: [ app_init ] --END-- [ RunTime:0.000207s ]

[ 2017-03-27T14:13:32+08:00 ] 103.226.199.152 /favicon.ico
INFO: [ app_init ] --START--
INFO: Run Behavior\BuildLiteBehavior [ RunTime:0.000008s ]
INFO: [ app_init ] --END-- [ RunTime:0.000218s ]

[ 2017-03-27T14:13:33+08:00 ] 103.226.199.152 /index.php?m=&c=Tg&a=add_domain_log&group_domain=www.wapes.cn
INFO: [ app_init ] --START--
INFO: Run Behavior\BuildLiteBehavior [ RunTime:0.000007s ]
INFO: [ app_init ] --END-- [ RunTime:0.000222s ]

[ 2017-03-27T14:14:40+08:00 ] 103.226.199.152 /index.php?m=&c=Tg&a=generalize
INFO: [ app_init ] --START--
INFO: Run Behavior\BuildLiteBehavior [ RunTime:0.000007s ]
INFO: [ app_init ] --END-- [ RunTime:0.000212s ]

[ 2017-03-27T14:14:42+08:00 ] 103.226.199.152 /index.php?m=&c=Tg&a=generalize
INFO: [ app_init ] --START--
INFO: Run Behavior\BuildLiteBehavior [ RunTime:0.000006s ]
INFO: [ app_init ] --END-- [ RunTime:0.000204s ]

[ 2017-03-27T14:14:44+08:00 ] 103.226.199.152 /index.php?m=&c=Tg&a=add_domain_log&group_domain=www.wxase.cn
INFO: [ app_init ] --START--
INFO: Run Behavior\BuildLiteBehavior [ RunTime:0.000006s ]
INFO: [ app_init ] --END-- [ RunTime:0.000210s ]

[ 2017-03-27T14:16:33+08:00 ] 103.226.199.152 /index.php?m=&c=Tg&a=generalize
INFO: [ app_init ] --START--
INFO: Run Behavior\BuildLiteBehavior [ RunTime:0.000006s ]
INFO: [ app_init ] --END-- [ RunTime:0.000198s ]

[ 2017-03-27T14:16:56+08:00 ] 103.226.199.152 /index.php?m=&c=Tg&a=add_domain_log&group_domain=www.wxase.cn
INFO: [ app_init ] --START--
INFO: Run Behavior\BuildLiteBehavior [ RunTime:0.000006s ]
INFO: [ app_init ] --END-- [ RunTime:0.000287s ]

[ 2017-03-27T15:09:27+08:00 ] 119.147.207.158 /
INFO: [ app_init ] --START--
INFO: Run Behavior\BuildLiteBehavior [ RunTime:0.000009s ]
INFO: [ app_init ] --END-- [ RunTime:0.000229s ]

[ 2017-03-27T15:34:41+08:00 ] 101.71.55.100 /robots.txt
INFO: [ app_init ] --START--
INFO: Run Behavior\BuildLiteBehavior [ RunTime:0.000006s ]
INFO: [ app_init ] --END-- [ RunTime:0.000199s ]
ERR: 无法加载控制器:Robots.txt

[ 2017-03-27T15:48:35+08:00 ] 183.57.53.222 /index.php?m%3D%26c%3DTg%26a%3Dgeneralize
INFO: [ app_init ] --START--
INFO: Run Behavior\BuildLiteBehavior [ RunTime:0.000005s ]
INFO: [ app_init ] --END-- [ RunTime:0.000214s ]

[ 2017-03-27T18:55:06+08:00 ] 123.125.71.38 /robots.txt
INFO: [ app_init ] --START--
INFO: Run Behavior\BuildLiteBehavior [ RunTime:0.000007s ]
INFO: [ app_init ] --END-- [ RunTime:0.000202s ]
ERR: 无法加载控制器:Robots.txt

[ 2017-03-27T18:56:04+08:00 ] 123.125.71.38 /
INFO: [ app_init ] --START--
INFO: Run Behavior\BuildLiteBehavior [ RunTime:0.000006s ]
INFO: [ app_init ] --END-- [ RunTime:0.000200s ]

